ARM GAS  /tmp/ccpdWQke.s 			page 1


   1              		.cpu cortex-m7
   2              		.arch armv7e-m
   3              		.fpu fpv5-d16
   4              		.eabi_attribute 28, 1
   5              		.eabi_attribute 20, 1
   6              		.eabi_attribute 21, 1
   7              		.eabi_attribute 23, 3
   8              		.eabi_attribute 24, 1
   9              		.eabi_attribute 25, 1
  10              		.eabi_attribute 26, 1
  11              		.eabi_attribute 30, 1
  12              		.eabi_attribute 34, 1
  13              		.eabi_attribute 18, 4
  14              		.file	"glcdfont.c"
  15              		.text
  16              	.Ltext0:
  17              		.cfi_sections	.debug_frame
  18              		.file 1 "Core/Src/glcdfont.c"
  19              		.global	font
  20              		.section	.rodata.font,"a"
  21              		.align	2
  24              	font:
  25 0000 00000000 		.ascii	"\000\000\000\000\000>[O[>>kOk>\034>|>\034\030<~<\030"
  25      003E5B4F 
  25      5B3E3E6B 
  25      4F6B3E1C 
  25      3E7C3E1C 
  26 0019 1C577D57 		.ascii	"\034W}W\034\034^\177^\034\000\030<\030\000\377\347\303"
  26      1C1C5E7F 
  26      5E1C0018 
  26      3C1800FF 
  26      E7C3
  27 002b E7FF0018 		.ascii	"\347\377\000\030$\030\000\377\347\333\347\3770H:\006"
  27      241800FF 
  27      E7DBE7FF 
  27      30483A06 
  28 003b 0E262979 		.ascii	"\016&)y)&@\177\005\005\007@\177\005%?Z<\347<Z\177>\034"
  28      2926407F 
  28      05050740 
  28      7F05253F 
  28      5A3CE73C 
  29 0053 1C08081C 		.ascii	"\034\010\010\034\034>\177\024\"\177\"\024__\000__\006"
  29      1C3E7F14 
  29      227F2214 
  29      5F5F005F 
  29      5F06
  30 0065 097F017F 		.ascii	"\011\177\001\177\000f\211\225j`````\224\242\377\242"
  30      00668995 
  30      6A606060 
  30      606094A2 
  30      FFA2
  31 0077 9408047E 		.ascii	"\224\010\004~\004\010\020 ~ \020\010\010*\034\010\010"
  31      04081020 
  31      7E201008 
  31      082A1C08 
  31      08
  32 0088 1C2A0808 		.ascii	"\034*\010\010\036\020\020\020\020\014\036\014\036\014"
ARM GAS  /tmp/ccpdWQke.s 			page 2


  32      1E101010 
  32      100C1E0C 
  32      1E0C
  33 0096 30383E38 		.ascii	"08>80\006\016>\016\006\000\000\000\000\000\000\000_"
  33      30060E3E 
  33      0E060000 
  33      00000000 
  33      005F
  34 00a8 00000007 		.ascii	"\000\000\000\007\000\007\000\024\177\024\177\024$*\177"
  34      00070014 
  34      7F147F14 
  34      242A7F
  35 00b7 2A122313 		.ascii	"*\022#\023\010db6IV P\000\010\007\003\000\000\034\""
  35      08646236 
  35      49562050 
  35      00080703 
  35      00001C22 
  36 00cb 41000041 		.ascii	"A\000\000A\"\034\000*\034\177\034*\010\010>\010\010"
  36      221C002A 
  36      1C7F1C2A 
  36      08083E08 
  36      08
  37 00dc 00807030 		.ascii	"\000\200p0\000\010\010\010\010\010\000\000``\000 \020"
  37      00080808 
  37      08080000 
  37      60600020 
  37      10
  38 00ed 0804023E 		.ascii	"\010\004\002>QIE>\000B\177@\000rIIIF!AIM3\030\024\022"
  38      5149453E 
  38      00427F40 
  38      00724949 
  38      49462141 
  39 0107 7F102745 		.ascii	"\177\020'EEE9<JII1A!\021\011\0076III6FII)\036\000\000"
  39      4545393C 
  39      4A494931 
  39      41211109 
  39      07364949 
  40 0124 14000000 		.ascii	"\024\000\000\000@4\000\000\000\010\024\"A\024\024\024"
  40      40340000 
  40      00081422 
  40      41141414 
  41 0134 14140041 		.ascii	"\024\024\000A\"\024\010\002\001Y\011\006>A]YN|\022\021"
  41      22140802 
  41      01590906 
  41      3E415D59 
  41      4E7C1211 
  42 0148 127C7F49 		.ascii	"\022|\177III6>AAA\"\177AAA>\177IIIA\177\011\011\011"
  42      4949363E 
  42      41414122 
  42      7F414141 
  42      3E7F4949 
  43 0162 013E4141 		.ascii	"\001>AAQs\177\010\010\010\177\000A\177A\000 @A?\001"
  43      51737F08 
  43      08087F00 
  43      417F4100 
  43      2040413F 
  44 0177 7F081422 		.ascii	"\177\010\024\"A\177@@@@\177\002\034\002\177\177\004"
ARM GAS  /tmp/ccpdWQke.s 			page 3


  44      417F4040 
  44      40407F02 
  44      1C027F7F 
  44      04
  45 0188 08107F3E 		.ascii	"\010\020\177>AAA>\177\011\011\011\006>AQ!^\177\011\031"
  45      4141413E 
  45      7F090909 
  45      063E4151 
  45      215E7F09 
  46 019d 29462649 		.ascii	")F&III2\003\001\177\001\003?@@@?\037 @ \037?@8@?c\024"
  46      49493203 
  46      017F0103 
  46      3F404040 
  46      3F1F2040 
  47 01ba 08146303 		.ascii	"\010\024c\003\004x\004\003aYIMC\000\177AAA\002\004\010"
  47      04780403 
  47      6159494D 
  47      43007F41 
  47      41410204 
  48 01cf 10200041 		.ascii	"\020 \000AAA\177\004\002\001\002\004@@@@@\000\003\007"
  48      41417F04 
  48      02010204 
  48      40404040 
  48      40000307 
  49 01e3 08002054 		.ascii	"\010\000 TTx@\177(DD88DDD(8DD(\1778TTT\030\000\010~"
  49      5478407F 
  49      28444438 
  49      38444444 
  49      28384444 
  50 0201 090218A4 		.ascii	"\011\002\030\244\244\234x\177\010\004\004x\000D}@\000"
  50      A49C787F 
  50      08040478 
  50      00447D40 
  50      00
  51 0212 2040403D 		.ascii	" @@=\000\177\020(D\000\000A\177@\000|\004x\004x|\010"
  51      007F1028 
  51      44000041 
  51      7F40007C 
  51      04780478 
  52 0228 04047838 		.ascii	"\004\004x8DDD8\374\030$$\030\030$$\030\374|\010\004"
  52      44444438 
  52      FC182424 
  52      18182424 
  52      18FC7C08 
  53 023d 04084854 		.ascii	"\004\010HTTT$\004\004?D$<@@ |\034 @ \034<@0@<D(\020"
  53      54542404 
  53      043F4424 
  53      3C404020 
  53      7C1C2040 
  54 025b 28444C90 		.ascii	"(DL\220\220\220|DdTLD\000\0106A\000\000\000w\000\000"
  54      90907C44 
  54      64544C44 
  54      00083641 
  54      00000077 
  55 0271 00413608 		.ascii	"\000A6\010\000\002\001\002\004\002<&#&<\036\241\241"
  55      00020102 
  55      04023C26 
ARM GAS  /tmp/ccpdWQke.s 			page 4


  55      23263C1E 
  55      A1A1
  56 0283 61123A40 		.ascii	"a\022:@@ z8TTUY!UUyA\"TTxB!UTx@ TUy@\014\036Rr\0229"
  56      40207A38 
  56      54545559 
  56      21555579 
  56      41225454 
  57 02a9 55555559 		.ascii	"UUUY9TTTY9UTTX\000\000E|A\000\002E}B\000\001E|@}\022"
  57      39545454 
  57      59395554 
  57      54580000 
  57      457C4100 
  58 02c8 11127DF0 		.ascii	"\021\022}\360(%(\360|TUE\000 TT|T|\012\011\177I2III"
  58      282528F0 
  58      7C545545 
  58      00205454 
  58      7C547C0A 
  59 02e3 323A4444 		.ascii	"2:DDD:2JHH0:AA!z:B@ x\000\235\240\240}=BBB==@@@=<$\377"
  59      443A324A 
  59      4848303A 
  59      4141217A 
  59      3A424020 
  60 030a 2424487E 		.ascii	"$$H~ICf+/\374/+\377\011)\366 \300\210~\011\003 TTyA"
  60      4943662B 
  60      2FFC2F2B 
  60      FF0929F6 
  60      20C0887E 
  61 0325 0000447D 		.ascii	"\000\000D}A0HHJ28@@\"z\000z\012\012r}\015\0311}&))/"
  61      41304848 
  61      4A323840 
  61      40227A00 
  61      7A0A0A72 
  62 0342 28262929 		.ascii	"(&)))&0HM@ 8\010\010\010\010\010\010\010\0108/\020\310"
  62      29263048 
  62      4D402038 
  62      08080808 
  62      08080808 
  63 035a ACBA2F10 		.ascii	"\254\272/\020(4\372\000\000{\000\000\010\024*\024\""
  63      2834FA00 
  63      007B0000 
  63      08142A14 
  63      22
  64 036b 22142A14 		.ascii	"\"\024*\024\010U\000U\000U\252U\252U\252\377U\377U\377"
  64      08550055 
  64      0055AA55 
  64      AA55AAFF 
  64      55FF55FF 
  65 037f 000000FF 		.ascii	"\000\000\000\377\000\020\020\020\377\000\024\024\024"
  65      00101010 
  65      FF001414 
  65      14
  66 038c FF001010 		.ascii	"\377\000\020\020\377\000\377\020\020\360\020\360\024"
  66      FF00FF10 
  66      10F010F0 
  66      14
  67 0399 1414FC00 		.ascii	"\024\024\374\000\024\024\367\000\377\000\000\377\000"
  67      1414F700 
ARM GAS  /tmp/ccpdWQke.s 			page 5


  67      FF0000FF 
  67      00
  68 03a6 FF1414F4 		.ascii	"\377\024\024\364\004\374\024\024\027\020\037\020\020"
  68      04FC1414 
  68      17101F10 
  68      10
  69 03b3 1F101F14 		.ascii	"\037\020\037\024\024\024\037\000\020\020\020\360\000"
  69      14141F00 
  69      101010F0 
  69      00
  70 03c0 0000001F 		.ascii	"\000\000\000\037\020\020\020\020\037\020\020\020\020"
  70      10101010 
  70      1F101010 
  70      10
  71 03cd F0100000 		.ascii	"\360\020\000\000\000\377\020\020\020\020\020\020\020"
  71      00FF1010 
  71      10101010 
  71      10
  72 03da 1010FF10 		.ascii	"\020\020\377\020\000\000\000\377\024\000\000\377\000"
  72      000000FF 
  72      140000FF 
  72      00
  73 03e7 FF00001F 		.ascii	"\377\000\000\037\020\027\000\000\374\004\364\024\024"
  73      10170000 
  73      FC04F414 
  73      14
  74 03f4 17101714 		.ascii	"\027\020\027\024\024\364\004\364\000\000\377\000\367"
  74      14F404F4 
  74      0000FF00 
  74      F7
  75 0401 14141414 		.ascii	"\024\024\024\024\024\024\024\367\000\367\024\024\024"
  75      141414F7 
  75      00F71414 
  75      14
  76 040e 17141010 		.ascii	"\027\024\020\020\037\020\037\024\024\024\364\024\020"
  76      1F101F14 
  76      1414F414 
  76      10
  77 041b 10F010F0 		.ascii	"\020\360\020\360\000\000\037\020\037\000\000\000\037"
  77      00001F10 
  77      1F000000 
  77      1F
  78 0428 14000000 		.ascii	"\024\000\000\000\374\024\000\000\360\020\360\020\020"
  78      FC140000 
  78      F010F010 
  78      10
  79 0435 FF10FF14 		.ascii	"\377\020\377\024\024\024\377\024\020\020\020\037\000"
  79      1414FF14 
  79      1010101F 
  79      00
  80 0442 000000F0 		.ascii	"\000\000\000\360\020\377\377\377\377\377\360\360\360"
  80      10FFFFFF 
  80      FFFFF0F0 
  80      F0
  81 044f F0F0FFFF 		.ascii	"\360\360\377\377\377\000\000\000\000\000\377\377\017"
  81      FF000000 
  81      0000FFFF 
ARM GAS  /tmp/ccpdWQke.s 			page 6


  81      0F
  82 045c 0F0F0F0F 		.ascii	"\017\017\017\0178DD8D\374JJJ4~\002\002\006\006\002~"
  82      38444438 
  82      44FC4A4A 
  82      4A347E02 
  82      02060602 
  83 0471 027E0263 		.ascii	"\002~\002cUIAc8DD<\004@~ \036 \006\002~\002\002\231"
  83      55494163 
  83      3844443C 
  83      04407E20 
  83      1E200602 
  84 0489 A5E7A599 		.ascii	"\245\347\245\231\034*I*\034Lr\001rL0JMM00HxH0\274bZ"
  84      1C2A492A 
  84      1C4C7201 
  84      724C304A 
  84      4D4D3030 
  85 04a4 463D3E49 		.ascii	"F=>III\000~\001\001\001~*****DD_DD@QJD@@DJQ@\000\000"
  85      4949007E 
  85      0101017E 
  85      2A2A2A2A 
  85      2A44445F 
  86 04c6 FF0103E0 		.ascii	"\377\001\003\340\200\377\000\000\010\010kk\0106\022"
  86      80FF0000 
  86      08086B6B 
  86      083612
  87 04d5 36243606 		.ascii	"6$6\006\017\011\017\006\000\000\030\030\000\000\000"
  87      0F090F06 
  87      00001818 
  87      000000
  88 04e4 10100030 		.ascii	"\020\020\0000@\377\001\001\000\037\001\001\036\000\031"
  88      40FF0101 
  88      001F0101 
  88      1E0019
  89 04f3 1D171200 		.ascii	"\035\027\022\000<<<<\000\000\000\000\000"
  89      3C3C3C3C 
  89      00000000 
  89      00
  90              		.text
  91              	.Letext0:
ARM GAS  /tmp/ccpdWQke.s 			page 7


DEFINED SYMBOLS
                            *ABS*:0000000000000000 glcdfont.c
     /tmp/ccpdWQke.s:24     .rodata.font:0000000000000000 font
     /tmp/ccpdWQke.s:21     .rodata.font:0000000000000000 $d

NO UNDEFINED SYMBOLS
