ARM GAS  /tmp/ccAPQsZw.s 			page 1


   1              		.cpu cortex-m7
   2              		.arch armv7e-m
   3              		.fpu fpv5-d16
   4              		.eabi_attribute 28, 1
   5              		.eabi_attribute 20, 1
   6              		.eabi_attribute 21, 1
   7              		.eabi_attribute 23, 3
   8              		.eabi_attribute 24, 1
   9              		.eabi_attribute 25, 1
  10              		.eabi_attribute 26, 1
  11              		.eabi_attribute 30, 1
  12              		.eabi_attribute 34, 1
  13              		.eabi_attribute 18, 4
  14              		.file	"i2c.c"
  15              		.text
  16              	.Ltext0:
  17              		.cfi_sections	.debug_frame
  18              		.file 1 "Core/Src/i2c.c"
  19              		.section	.text.MX_I2C1_Init,"ax",%progbits
  20              		.align	1
  21              		.global	MX_I2C1_Init
  22              		.syntax unified
  23              		.thumb
  24              		.thumb_func
  26              	MX_I2C1_Init:
  27              	.LFB144:
   1:Core/Src/i2c.c **** /* USER CODE BEGIN Header */
   2:Core/Src/i2c.c **** /**
   3:Core/Src/i2c.c ****   ******************************************************************************
   4:Core/Src/i2c.c ****   * @file    i2c.c
   5:Core/Src/i2c.c ****   * @brief   This file provides code for the configuration
   6:Core/Src/i2c.c ****   *          of the I2C instances.
   7:Core/Src/i2c.c ****   ******************************************************************************
   8:Core/Src/i2c.c ****   * @attention
   9:Core/Src/i2c.c ****   *
  10:Core/Src/i2c.c ****   * Copyright (c) 2023 STMicroelectronics.
  11:Core/Src/i2c.c ****   * All rights reserved.
  12:Core/Src/i2c.c ****   *
  13:Core/Src/i2c.c ****   * This software is licensed under terms that can be found in the LICENSE file
  14:Core/Src/i2c.c ****   * in the root directory of this software component.
  15:Core/Src/i2c.c ****   * If no LICENSE file comes with this software, it is provided AS-IS.
  16:Core/Src/i2c.c ****   *
  17:Core/Src/i2c.c ****   ******************************************************************************
  18:Core/Src/i2c.c ****   */
  19:Core/Src/i2c.c **** /* USER CODE END Header */
  20:Core/Src/i2c.c **** /* Includes ------------------------------------------------------------------*/
  21:Core/Src/i2c.c **** #include "i2c.h"
  22:Core/Src/i2c.c **** 
  23:Core/Src/i2c.c **** /* USER CODE BEGIN 0 */
  24:Core/Src/i2c.c **** 
  25:Core/Src/i2c.c **** /* USER CODE END 0 */
  26:Core/Src/i2c.c **** 
  27:Core/Src/i2c.c **** I2C_HandleTypeDef hi2c1;
  28:Core/Src/i2c.c **** 
  29:Core/Src/i2c.c **** /* I2C1 init function */
  30:Core/Src/i2c.c **** void MX_I2C1_Init(void)
  31:Core/Src/i2c.c **** {
ARM GAS  /tmp/ccAPQsZw.s 			page 2


  28              		.loc 1 31 1 view -0
  29              		.cfi_startproc
  30              		@ args = 0, pretend = 0, frame = 0
  31              		@ frame_needed = 0, uses_anonymous_args = 0
  32 0000 08B5     		push	{r3, lr}
  33              	.LCFI0:
  34              		.cfi_def_cfa_offset 8
  35              		.cfi_offset 3, -8
  36              		.cfi_offset 14, -4
  32:Core/Src/i2c.c **** 
  33:Core/Src/i2c.c ****   /* USER CODE BEGIN I2C1_Init 0 */
  34:Core/Src/i2c.c **** 
  35:Core/Src/i2c.c ****   /* USER CODE END I2C1_Init 0 */
  36:Core/Src/i2c.c **** 
  37:Core/Src/i2c.c ****   /* USER CODE BEGIN I2C1_Init 1 */
  38:Core/Src/i2c.c **** 
  39:Core/Src/i2c.c ****   /* USER CODE END I2C1_Init 1 */
  40:Core/Src/i2c.c ****   hi2c1.Instance = I2C1;
  37              		.loc 1 40 3 view .LVU1
  38              		.loc 1 40 18 is_stmt 0 view .LVU2
  39 0002 1248     		ldr	r0, .L9
  40 0004 124B     		ldr	r3, .L9+4
  41 0006 0360     		str	r3, [r0]
  41:Core/Src/i2c.c ****   hi2c1.Init.Timing = 0x20B0CCFF;
  42              		.loc 1 41 3 is_stmt 1 view .LVU3
  43              		.loc 1 41 21 is_stmt 0 view .LVU4
  44 0008 124B     		ldr	r3, .L9+8
  45 000a 4360     		str	r3, [r0, #4]
  42:Core/Src/i2c.c ****   hi2c1.Init.OwnAddress1 = 0;
  46              		.loc 1 42 3 is_stmt 1 view .LVU5
  47              		.loc 1 42 26 is_stmt 0 view .LVU6
  48 000c 0023     		movs	r3, #0
  49 000e 8360     		str	r3, [r0, #8]
  43:Core/Src/i2c.c ****   hi2c1.Init.AddressingMode = I2C_ADDRESSINGMODE_7BIT;
  50              		.loc 1 43 3 is_stmt 1 view .LVU7
  51              		.loc 1 43 29 is_stmt 0 view .LVU8
  52 0010 0122     		movs	r2, #1
  53 0012 C260     		str	r2, [r0, #12]
  44:Core/Src/i2c.c ****   hi2c1.Init.DualAddressMode = I2C_DUALADDRESS_DISABLE;
  54              		.loc 1 44 3 is_stmt 1 view .LVU9
  55              		.loc 1 44 30 is_stmt 0 view .LVU10
  56 0014 0361     		str	r3, [r0, #16]
  45:Core/Src/i2c.c ****   hi2c1.Init.OwnAddress2 = 0;
  57              		.loc 1 45 3 is_stmt 1 view .LVU11
  58              		.loc 1 45 26 is_stmt 0 view .LVU12
  59 0016 4361     		str	r3, [r0, #20]
  46:Core/Src/i2c.c ****   hi2c1.Init.OwnAddress2Masks = I2C_OA2_NOMASK;
  60              		.loc 1 46 3 is_stmt 1 view .LVU13
  61              		.loc 1 46 31 is_stmt 0 view .LVU14
  62 0018 8361     		str	r3, [r0, #24]
  47:Core/Src/i2c.c ****   hi2c1.Init.GeneralCallMode = I2C_GENERALCALL_DISABLE;
  63              		.loc 1 47 3 is_stmt 1 view .LVU15
  64              		.loc 1 47 30 is_stmt 0 view .LVU16
  65 001a C361     		str	r3, [r0, #28]
  48:Core/Src/i2c.c ****   hi2c1.Init.NoStretchMode = I2C_NOSTRETCH_DISABLE;
  66              		.loc 1 48 3 is_stmt 1 view .LVU17
  67              		.loc 1 48 28 is_stmt 0 view .LVU18
ARM GAS  /tmp/ccAPQsZw.s 			page 3


  68 001c 0362     		str	r3, [r0, #32]
  49:Core/Src/i2c.c ****   if (HAL_I2C_Init(&hi2c1) != HAL_OK)
  69              		.loc 1 49 3 is_stmt 1 view .LVU19
  70              		.loc 1 49 7 is_stmt 0 view .LVU20
  71 001e FFF7FEFF 		bl	HAL_I2C_Init
  72              	.LVL0:
  73              		.loc 1 49 6 view .LVU21
  74 0022 50B9     		cbnz	r0, .L6
  75              	.L2:
  50:Core/Src/i2c.c ****   {
  51:Core/Src/i2c.c ****     Error_Handler();
  52:Core/Src/i2c.c ****   }
  53:Core/Src/i2c.c **** 
  54:Core/Src/i2c.c ****   /** Configure Analogue filter
  55:Core/Src/i2c.c ****   */
  56:Core/Src/i2c.c ****   if (HAL_I2CEx_ConfigAnalogFilter(&hi2c1, I2C_ANALOGFILTER_ENABLE) != HAL_OK)
  76              		.loc 1 56 3 is_stmt 1 view .LVU22
  77              		.loc 1 56 7 is_stmt 0 view .LVU23
  78 0024 0021     		movs	r1, #0
  79 0026 0948     		ldr	r0, .L9
  80 0028 FFF7FEFF 		bl	HAL_I2CEx_ConfigAnalogFilter
  81              	.LVL1:
  82              		.loc 1 56 6 view .LVU24
  83 002c 40B9     		cbnz	r0, .L7
  84              	.L3:
  57:Core/Src/i2c.c ****   {
  58:Core/Src/i2c.c ****     Error_Handler();
  59:Core/Src/i2c.c ****   }
  60:Core/Src/i2c.c **** 
  61:Core/Src/i2c.c ****   /** Configure Digital filter
  62:Core/Src/i2c.c ****   */
  63:Core/Src/i2c.c ****   if (HAL_I2CEx_ConfigDigitalFilter(&hi2c1, 0) != HAL_OK)
  85              		.loc 1 63 3 is_stmt 1 view .LVU25
  86              		.loc 1 63 7 is_stmt 0 view .LVU26
  87 002e 0021     		movs	r1, #0
  88 0030 0648     		ldr	r0, .L9
  89 0032 FFF7FEFF 		bl	HAL_I2CEx_ConfigDigitalFilter
  90              	.LVL2:
  91              		.loc 1 63 6 view .LVU27
  92 0036 30B9     		cbnz	r0, .L8
  93              	.L1:
  64:Core/Src/i2c.c ****   {
  65:Core/Src/i2c.c ****     Error_Handler();
  66:Core/Src/i2c.c ****   }
  67:Core/Src/i2c.c ****   /* USER CODE BEGIN I2C1_Init 2 */
  68:Core/Src/i2c.c **** 
  69:Core/Src/i2c.c ****   /* USER CODE END I2C1_Init 2 */
  70:Core/Src/i2c.c **** 
  71:Core/Src/i2c.c **** }
  94              		.loc 1 71 1 view .LVU28
  95 0038 08BD     		pop	{r3, pc}
  96              	.L6:
  51:Core/Src/i2c.c ****   }
  97              		.loc 1 51 5 is_stmt 1 view .LVU29
  98 003a FFF7FEFF 		bl	Error_Handler
  99              	.LVL3:
 100 003e F1E7     		b	.L2
ARM GAS  /tmp/ccAPQsZw.s 			page 4


 101              	.L7:
  58:Core/Src/i2c.c ****   }
 102              		.loc 1 58 5 view .LVU30
 103 0040 FFF7FEFF 		bl	Error_Handler
 104              	.LVL4:
 105 0044 F3E7     		b	.L3
 106              	.L8:
  65:Core/Src/i2c.c ****   }
 107              		.loc 1 65 5 view .LVU31
 108 0046 FFF7FEFF 		bl	Error_Handler
 109              	.LVL5:
 110              		.loc 1 71 1 is_stmt 0 view .LVU32
 111 004a F5E7     		b	.L1
 112              	.L10:
 113              		.align	2
 114              	.L9:
 115 004c 00000000 		.word	hi2c1
 116 0050 00540040 		.word	1073763328
 117 0054 FFCCB020 		.word	548457727
 118              		.cfi_endproc
 119              	.LFE144:
 121              		.section	.text.HAL_I2C_MspInit,"ax",%progbits
 122              		.align	1
 123              		.global	HAL_I2C_MspInit
 124              		.syntax unified
 125              		.thumb
 126              		.thumb_func
 128              	HAL_I2C_MspInit:
 129              	.LVL6:
 130              	.LFB145:
  72:Core/Src/i2c.c **** 
  73:Core/Src/i2c.c **** void HAL_I2C_MspInit(I2C_HandleTypeDef* i2cHandle)
  74:Core/Src/i2c.c **** {
 131              		.loc 1 74 1 is_stmt 1 view -0
 132              		.cfi_startproc
 133              		@ args = 0, pretend = 0, frame = 224
 134              		@ frame_needed = 0, uses_anonymous_args = 0
 135              		.loc 1 74 1 is_stmt 0 view .LVU34
 136 0000 10B5     		push	{r4, lr}
 137              	.LCFI1:
 138              		.cfi_def_cfa_offset 8
 139              		.cfi_offset 4, -8
 140              		.cfi_offset 14, -4
 141 0002 B8B0     		sub	sp, sp, #224
 142              	.LCFI2:
 143              		.cfi_def_cfa_offset 232
 144 0004 0446     		mov	r4, r0
  75:Core/Src/i2c.c **** 
  76:Core/Src/i2c.c ****   GPIO_InitTypeDef GPIO_InitStruct = {0};
 145              		.loc 1 76 3 is_stmt 1 view .LVU35
 146              		.loc 1 76 20 is_stmt 0 view .LVU36
 147 0006 0021     		movs	r1, #0
 148 0008 3391     		str	r1, [sp, #204]
 149 000a 3491     		str	r1, [sp, #208]
 150 000c 3591     		str	r1, [sp, #212]
 151 000e 3691     		str	r1, [sp, #216]
 152 0010 3791     		str	r1, [sp, #220]
ARM GAS  /tmp/ccAPQsZw.s 			page 5


  77:Core/Src/i2c.c ****   RCC_PeriphCLKInitTypeDef PeriphClkInitStruct = {0};
 153              		.loc 1 77 3 is_stmt 1 view .LVU37
 154              		.loc 1 77 28 is_stmt 0 view .LVU38
 155 0012 C022     		movs	r2, #192
 156 0014 02A8     		add	r0, sp, #8
 157              	.LVL7:
 158              		.loc 1 77 28 view .LVU39
 159 0016 FFF7FEFF 		bl	memset
 160              	.LVL8:
  78:Core/Src/i2c.c ****   if(i2cHandle->Instance==I2C1)
 161              		.loc 1 78 3 is_stmt 1 view .LVU40
 162              		.loc 1 78 15 is_stmt 0 view .LVU41
 163 001a 2268     		ldr	r2, [r4]
 164              		.loc 1 78 5 view .LVU42
 165 001c 1B4B     		ldr	r3, .L17
 166 001e 9A42     		cmp	r2, r3
 167 0020 01D0     		beq	.L15
 168              	.LVL9:
 169              	.L11:
  79:Core/Src/i2c.c ****   {
  80:Core/Src/i2c.c ****   /* USER CODE BEGIN I2C1_MspInit 0 */
  81:Core/Src/i2c.c **** 
  82:Core/Src/i2c.c ****   /* USER CODE END I2C1_MspInit 0 */
  83:Core/Src/i2c.c **** 
  84:Core/Src/i2c.c ****   /** Initializes the peripherals clock
  85:Core/Src/i2c.c ****   */
  86:Core/Src/i2c.c ****     PeriphClkInitStruct.PeriphClockSelection = RCC_PERIPHCLK_I2C1;
  87:Core/Src/i2c.c ****     PeriphClkInitStruct.I2c123ClockSelection = RCC_I2C123CLKSOURCE_D2PCLK1;
  88:Core/Src/i2c.c ****     if (HAL_RCCEx_PeriphCLKConfig(&PeriphClkInitStruct) != HAL_OK)
  89:Core/Src/i2c.c ****     {
  90:Core/Src/i2c.c ****       Error_Handler();
  91:Core/Src/i2c.c ****     }
  92:Core/Src/i2c.c **** 
  93:Core/Src/i2c.c ****     __HAL_RCC_GPIOB_CLK_ENABLE();
  94:Core/Src/i2c.c ****     /**I2C1 GPIO Configuration
  95:Core/Src/i2c.c ****     PB6     ------> I2C1_SCL
  96:Core/Src/i2c.c ****     PB7     ------> I2C1_SDA
  97:Core/Src/i2c.c ****     */
  98:Core/Src/i2c.c ****     GPIO_InitStruct.Pin = GPIO_PIN_6|GPIO_PIN_7;
  99:Core/Src/i2c.c ****     GPIO_InitStruct.Mode = GPIO_MODE_AF_OD;
 100:Core/Src/i2c.c ****     GPIO_InitStruct.Pull = GPIO_NOPULL;
 101:Core/Src/i2c.c ****     GPIO_InitStruct.Speed = GPIO_SPEED_FREQ_LOW;
 102:Core/Src/i2c.c ****     GPIO_InitStruct.Alternate = GPIO_AF4_I2C1;
 103:Core/Src/i2c.c ****     HAL_GPIO_Init(GPIOB, &GPIO_InitStruct);
 104:Core/Src/i2c.c **** 
 105:Core/Src/i2c.c ****     /* I2C1 clock enable */
 106:Core/Src/i2c.c ****     __HAL_RCC_I2C1_CLK_ENABLE();
 107:Core/Src/i2c.c ****   /* USER CODE BEGIN I2C1_MspInit 1 */
 108:Core/Src/i2c.c **** 
 109:Core/Src/i2c.c ****   /* USER CODE END I2C1_MspInit 1 */
 110:Core/Src/i2c.c ****   }
 111:Core/Src/i2c.c **** }
 170              		.loc 1 111 1 view .LVU43
 171 0022 38B0     		add	sp, sp, #224
 172              	.LCFI3:
 173              		.cfi_remember_state
 174              		.cfi_def_cfa_offset 8
ARM GAS  /tmp/ccAPQsZw.s 			page 6


 175              		@ sp needed
 176 0024 10BD     		pop	{r4, pc}
 177              	.LVL10:
 178              	.L15:
 179              	.LCFI4:
 180              		.cfi_restore_state
  86:Core/Src/i2c.c ****     PeriphClkInitStruct.I2c123ClockSelection = RCC_I2C123CLKSOURCE_D2PCLK1;
 181              		.loc 1 86 5 is_stmt 1 view .LVU44
  86:Core/Src/i2c.c ****     PeriphClkInitStruct.I2c123ClockSelection = RCC_I2C123CLKSOURCE_D2PCLK1;
 182              		.loc 1 86 46 is_stmt 0 view .LVU45
 183 0026 0822     		movs	r2, #8
 184 0028 0023     		movs	r3, #0
 185 002a CDE90223 		strd	r2, [sp, #8]
  87:Core/Src/i2c.c ****     if (HAL_RCCEx_PeriphCLKConfig(&PeriphClkInitStruct) != HAL_OK)
 186              		.loc 1 87 5 is_stmt 1 view .LVU46
  88:Core/Src/i2c.c ****     {
 187              		.loc 1 88 5 view .LVU47
  88:Core/Src/i2c.c ****     {
 188              		.loc 1 88 9 is_stmt 0 view .LVU48
 189 002e 02A8     		add	r0, sp, #8
 190 0030 FFF7FEFF 		bl	HAL_RCCEx_PeriphCLKConfig
 191              	.LVL11:
  88:Core/Src/i2c.c ****     {
 192              		.loc 1 88 8 view .LVU49
 193 0034 30BB     		cbnz	r0, .L16
 194              	.L13:
  93:Core/Src/i2c.c ****     /**I2C1 GPIO Configuration
 195              		.loc 1 93 5 is_stmt 1 view .LVU50
 196              	.LBB2:
  93:Core/Src/i2c.c ****     /**I2C1 GPIO Configuration
 197              		.loc 1 93 5 view .LVU51
  93:Core/Src/i2c.c ****     /**I2C1 GPIO Configuration
 198              		.loc 1 93 5 view .LVU52
 199 0036 164C     		ldr	r4, .L17+4
 200              	.LVL12:
  93:Core/Src/i2c.c ****     /**I2C1 GPIO Configuration
 201              		.loc 1 93 5 is_stmt 0 view .LVU53
 202 0038 D4F84031 		ldr	r3, [r4, #320]
 203 003c 43F00203 		orr	r3, r3, #2
 204 0040 C4F84031 		str	r3, [r4, #320]
  93:Core/Src/i2c.c ****     /**I2C1 GPIO Configuration
 205              		.loc 1 93 5 is_stmt 1 view .LVU54
 206 0044 D4F84031 		ldr	r3, [r4, #320]
 207 0048 03F00203 		and	r3, r3, #2
 208 004c 0093     		str	r3, [sp]
  93:Core/Src/i2c.c ****     /**I2C1 GPIO Configuration
 209              		.loc 1 93 5 view .LVU55
 210 004e 009B     		ldr	r3, [sp]
 211              	.LBE2:
  93:Core/Src/i2c.c ****     /**I2C1 GPIO Configuration
 212              		.loc 1 93 5 view .LVU56
  98:Core/Src/i2c.c ****     GPIO_InitStruct.Mode = GPIO_MODE_AF_OD;
 213              		.loc 1 98 5 view .LVU57
  98:Core/Src/i2c.c ****     GPIO_InitStruct.Mode = GPIO_MODE_AF_OD;
 214              		.loc 1 98 25 is_stmt 0 view .LVU58
 215 0050 C023     		movs	r3, #192
 216 0052 3393     		str	r3, [sp, #204]
ARM GAS  /tmp/ccAPQsZw.s 			page 7


  99:Core/Src/i2c.c ****     GPIO_InitStruct.Pull = GPIO_NOPULL;
 217              		.loc 1 99 5 is_stmt 1 view .LVU59
  99:Core/Src/i2c.c ****     GPIO_InitStruct.Pull = GPIO_NOPULL;
 218              		.loc 1 99 26 is_stmt 0 view .LVU60
 219 0054 1223     		movs	r3, #18
 220 0056 3493     		str	r3, [sp, #208]
 100:Core/Src/i2c.c ****     GPIO_InitStruct.Speed = GPIO_SPEED_FREQ_LOW;
 221              		.loc 1 100 5 is_stmt 1 view .LVU61
 100:Core/Src/i2c.c ****     GPIO_InitStruct.Speed = GPIO_SPEED_FREQ_LOW;
 222              		.loc 1 100 26 is_stmt 0 view .LVU62
 223 0058 0023     		movs	r3, #0
 224 005a 3593     		str	r3, [sp, #212]
 101:Core/Src/i2c.c ****     GPIO_InitStruct.Alternate = GPIO_AF4_I2C1;
 225              		.loc 1 101 5 is_stmt 1 view .LVU63
 101:Core/Src/i2c.c ****     GPIO_InitStruct.Alternate = GPIO_AF4_I2C1;
 226              		.loc 1 101 27 is_stmt 0 view .LVU64
 227 005c 3693     		str	r3, [sp, #216]
 102:Core/Src/i2c.c ****     HAL_GPIO_Init(GPIOB, &GPIO_InitStruct);
 228              		.loc 1 102 5 is_stmt 1 view .LVU65
 102:Core/Src/i2c.c ****     HAL_GPIO_Init(GPIOB, &GPIO_InitStruct);
 229              		.loc 1 102 31 is_stmt 0 view .LVU66
 230 005e 0423     		movs	r3, #4
 231 0060 3793     		str	r3, [sp, #220]
 103:Core/Src/i2c.c **** 
 232              		.loc 1 103 5 is_stmt 1 view .LVU67
 233 0062 33A9     		add	r1, sp, #204
 234 0064 0B48     		ldr	r0, .L17+8
 235 0066 FFF7FEFF 		bl	HAL_GPIO_Init
 236              	.LVL13:
 106:Core/Src/i2c.c ****   /* USER CODE BEGIN I2C1_MspInit 1 */
 237              		.loc 1 106 5 view .LVU68
 238              	.LBB3:
 106:Core/Src/i2c.c ****   /* USER CODE BEGIN I2C1_MspInit 1 */
 239              		.loc 1 106 5 view .LVU69
 106:Core/Src/i2c.c ****   /* USER CODE BEGIN I2C1_MspInit 1 */
 240              		.loc 1 106 5 view .LVU70
 241 006a D4F84831 		ldr	r3, [r4, #328]
 242 006e 43F40013 		orr	r3, r3, #2097152
 243 0072 C4F84831 		str	r3, [r4, #328]
 106:Core/Src/i2c.c ****   /* USER CODE BEGIN I2C1_MspInit 1 */
 244              		.loc 1 106 5 view .LVU71
 245 0076 D4F84831 		ldr	r3, [r4, #328]
 246 007a 03F40013 		and	r3, r3, #2097152
 247 007e 0193     		str	r3, [sp, #4]
 106:Core/Src/i2c.c ****   /* USER CODE BEGIN I2C1_MspInit 1 */
 248              		.loc 1 106 5 view .LVU72
 249 0080 019B     		ldr	r3, [sp, #4]
 250              	.LBE3:
 106:Core/Src/i2c.c ****   /* USER CODE BEGIN I2C1_MspInit 1 */
 251              		.loc 1 106 5 view .LVU73
 252              		.loc 1 111 1 is_stmt 0 view .LVU74
 253 0082 CEE7     		b	.L11
 254              	.LVL14:
 255              	.L16:
  90:Core/Src/i2c.c ****     }
 256              		.loc 1 90 7 is_stmt 1 view .LVU75
 257 0084 FFF7FEFF 		bl	Error_Handler
ARM GAS  /tmp/ccAPQsZw.s 			page 8


 258              	.LVL15:
 259 0088 D5E7     		b	.L13
 260              	.L18:
 261 008a 00BF     		.align	2
 262              	.L17:
 263 008c 00540040 		.word	1073763328
 264 0090 00440258 		.word	1476543488
 265 0094 00040258 		.word	1476527104
 266              		.cfi_endproc
 267              	.LFE145:
 269              		.section	.text.HAL_I2C_MspDeInit,"ax",%progbits
 270              		.align	1
 271              		.global	HAL_I2C_MspDeInit
 272              		.syntax unified
 273              		.thumb
 274              		.thumb_func
 276              	HAL_I2C_MspDeInit:
 277              	.LVL16:
 278              	.LFB146:
 112:Core/Src/i2c.c **** 
 113:Core/Src/i2c.c **** void HAL_I2C_MspDeInit(I2C_HandleTypeDef* i2cHandle)
 114:Core/Src/i2c.c **** {
 279              		.loc 1 114 1 view -0
 280              		.cfi_startproc
 281              		@ args = 0, pretend = 0, frame = 0
 282              		@ frame_needed = 0, uses_anonymous_args = 0
 115:Core/Src/i2c.c **** 
 116:Core/Src/i2c.c ****   if(i2cHandle->Instance==I2C1)
 283              		.loc 1 116 3 view .LVU77
 284              		.loc 1 116 15 is_stmt 0 view .LVU78
 285 0000 0268     		ldr	r2, [r0]
 286              		.loc 1 116 5 view .LVU79
 287 0002 0B4B     		ldr	r3, .L26
 288 0004 9A42     		cmp	r2, r3
 289 0006 00D0     		beq	.L25
 290 0008 7047     		bx	lr
 291              	.L25:
 114:Core/Src/i2c.c **** 
 292              		.loc 1 114 1 view .LVU80
 293 000a 10B5     		push	{r4, lr}
 294              	.LCFI5:
 295              		.cfi_def_cfa_offset 8
 296              		.cfi_offset 4, -8
 297              		.cfi_offset 14, -4
 117:Core/Src/i2c.c ****   {
 118:Core/Src/i2c.c ****   /* USER CODE BEGIN I2C1_MspDeInit 0 */
 119:Core/Src/i2c.c **** 
 120:Core/Src/i2c.c ****   /* USER CODE END I2C1_MspDeInit 0 */
 121:Core/Src/i2c.c ****     /* Peripheral clock disable */
 122:Core/Src/i2c.c ****     __HAL_RCC_I2C1_CLK_DISABLE();
 298              		.loc 1 122 5 is_stmt 1 view .LVU81
 299 000c 094A     		ldr	r2, .L26+4
 300 000e D2F84831 		ldr	r3, [r2, #328]
 301 0012 23F40013 		bic	r3, r3, #2097152
 302 0016 C2F84831 		str	r3, [r2, #328]
 123:Core/Src/i2c.c **** 
 124:Core/Src/i2c.c ****     /**I2C1 GPIO Configuration
ARM GAS  /tmp/ccAPQsZw.s 			page 9


 125:Core/Src/i2c.c ****     PB6     ------> I2C1_SCL
 126:Core/Src/i2c.c ****     PB7     ------> I2C1_SDA
 127:Core/Src/i2c.c ****     */
 128:Core/Src/i2c.c ****     HAL_GPIO_DeInit(GPIOB, GPIO_PIN_6);
 303              		.loc 1 128 5 view .LVU82
 304 001a 074C     		ldr	r4, .L26+8
 305 001c 4021     		movs	r1, #64
 306 001e 2046     		mov	r0, r4
 307              	.LVL17:
 308              		.loc 1 128 5 is_stmt 0 view .LVU83
 309 0020 FFF7FEFF 		bl	HAL_GPIO_DeInit
 310              	.LVL18:
 129:Core/Src/i2c.c **** 
 130:Core/Src/i2c.c ****     HAL_GPIO_DeInit(GPIOB, GPIO_PIN_7);
 311              		.loc 1 130 5 is_stmt 1 view .LVU84
 312 0024 8021     		movs	r1, #128
 313 0026 2046     		mov	r0, r4
 314 0028 FFF7FEFF 		bl	HAL_GPIO_DeInit
 315              	.LVL19:
 131:Core/Src/i2c.c **** 
 132:Core/Src/i2c.c ****   /* USER CODE BEGIN I2C1_MspDeInit 1 */
 133:Core/Src/i2c.c **** 
 134:Core/Src/i2c.c ****   /* USER CODE END I2C1_MspDeInit 1 */
 135:Core/Src/i2c.c ****   }
 136:Core/Src/i2c.c **** }
 316              		.loc 1 136 1 is_stmt 0 view .LVU85
 317 002c 10BD     		pop	{r4, pc}
 318              	.L27:
 319 002e 00BF     		.align	2
 320              	.L26:
 321 0030 00540040 		.word	1073763328
 322 0034 00440258 		.word	1476543488
 323 0038 00040258 		.word	1476527104
 324              		.cfi_endproc
 325              	.LFE146:
 327              		.global	hi2c1
 328              		.section	.bss.hi2c1,"aw",%nobits
 329              		.align	2
 332              	hi2c1:
 333 0000 00000000 		.space	84
 333      00000000 
 333      00000000 
 333      00000000 
 333      00000000 
 334              		.text
 335              	.Letext0:
 336              		.file 2 "/home/jack/ece331/Downloads/arm-gnu-toolchain-12.2.rel1-aarch64-arm-none-eabi/arm-none-ea
 337              		.file 3 "/home/jack/ece331/Downloads/arm-gnu-toolchain-12.2.rel1-aarch64-arm-none-eabi/arm-none-ea
 338              		.file 4 "Drivers/CMSIS/Device/ST/STM32H7xx/Include/stm32h7a3xxq.h"
 339              		.file 5 "Drivers/STM32H7xx_HAL_Driver/Inc/stm32h7xx_hal_def.h"
 340              		.file 6 "Drivers/STM32H7xx_HAL_Driver/Inc/stm32h7xx_hal_rcc_ex.h"
 341              		.file 7 "Drivers/STM32H7xx_HAL_Driver/Inc/stm32h7xx_hal_gpio.h"
 342              		.file 8 "Drivers/STM32H7xx_HAL_Driver/Inc/stm32h7xx_hal_dma.h"
 343              		.file 9 "Drivers/STM32H7xx_HAL_Driver/Inc/stm32h7xx_hal_i2c.h"
 344              		.file 10 "Drivers/STM32H7xx_HAL_Driver/Inc/stm32h7xx_hal_i2c_ex.h"
 345              		.file 11 "Core/Inc/i2c.h"
 346              		.file 12 "Core/Inc/main.h"
ARM GAS  /tmp/ccAPQsZw.s 			page 10


 347              		.file 13 "<built-in>"
ARM GAS  /tmp/ccAPQsZw.s 			page 11


DEFINED SYMBOLS
                            *ABS*:0000000000000000 i2c.c
     /tmp/ccAPQsZw.s:20     .text.MX_I2C1_Init:0000000000000000 $t
     /tmp/ccAPQsZw.s:26     .text.MX_I2C1_Init:0000000000000000 MX_I2C1_Init
     /tmp/ccAPQsZw.s:115    .text.MX_I2C1_Init:000000000000004c $d
     /tmp/ccAPQsZw.s:332    .bss.hi2c1:0000000000000000 hi2c1
     /tmp/ccAPQsZw.s:122    .text.HAL_I2C_MspInit:0000000000000000 $t
     /tmp/ccAPQsZw.s:128    .text.HAL_I2C_MspInit:0000000000000000 HAL_I2C_MspInit
     /tmp/ccAPQsZw.s:263    .text.HAL_I2C_MspInit:000000000000008c $d
     /tmp/ccAPQsZw.s:270    .text.HAL_I2C_MspDeInit:0000000000000000 $t
     /tmp/ccAPQsZw.s:276    .text.HAL_I2C_MspDeInit:0000000000000000 HAL_I2C_MspDeInit
     /tmp/ccAPQsZw.s:321    .text.HAL_I2C_MspDeInit:0000000000000030 $d
     /tmp/ccAPQsZw.s:329    .bss.hi2c1:0000000000000000 $d

UNDEFINED SYMBOLS
HAL_I2C_Init
HAL_I2CEx_ConfigAnalogFilter
HAL_I2CEx_ConfigDigitalFilter
Error_Handler
memset
HAL_RCCEx_PeriphCLKConfig
HAL_GPIO_Init
HAL_GPIO_DeInit
