ARM GAS  /tmp/ccxBKfyv.s 			page 1


   1              		.cpu cortex-m7
   2              		.arch armv7e-m
   3              		.fpu fpv5-d16
   4              		.eabi_attribute 28, 1
   5              		.eabi_attribute 20, 1
   6              		.eabi_attribute 21, 1
   7              		.eabi_attribute 23, 3
   8              		.eabi_attribute 24, 1
   9              		.eabi_attribute 25, 1
  10              		.eabi_attribute 26, 1
  11              		.eabi_attribute 30, 1
  12              		.eabi_attribute 34, 1
  13              		.eabi_attribute 18, 4
  14              		.file	"main.c"
  15              		.text
  16              	.Ltext0:
  17              		.cfi_sections	.debug_frame
  18              		.file 1 "Core/Src/main.c"
  19              		.section	.text.Error_Handler,"ax",%progbits
  20              		.align	1
  21              		.global	Error_Handler
  22              		.syntax unified
  23              		.thumb
  24              		.thumb_func
  26              	Error_Handler:
  27              	.LFB150:
   1:Core/Src/main.c **** /* USER CODE BEGIN Header */
   2:Core/Src/main.c **** /**
   3:Core/Src/main.c **** Johnathan (Jack) Leys
   4:Core/Src/main.c **** ECE 331
   5:Core/Src/main.c **** Modidied main, dependancaies and original code from STMicroelectronics.
   6:Core/Src/main.c ****   ******************************************************************************
   7:Core/Src/main.c ****   * @file           : main.c
   8:Core/Src/main.c ****   * @brief          : Main program body
   9:Core/Src/main.c ****   ******************************************************************************
  10:Core/Src/main.c ****   * @attention
  11:Core/Src/main.c ****   *
  12:Core/Src/main.c ****   * Copyright (c) 2023 STMicroelectronics.
  13:Core/Src/main.c ****   * All rights reserved.
  14:Core/Src/main.c ****   *
  15:Core/Src/main.c ****   * This software is licensed under terms that can be found in the LICENSE file
  16:Core/Src/main.c ****   * in the root directory of this software component.
  17:Core/Src/main.c ****   * If no LICENSE file comes with this software, it is provided AS-IS.
  18:Core/Src/main.c ****   *
  19:Core/Src/main.c ****   ******************************************************************************
  20:Core/Src/main.c ****   */
  21:Core/Src/main.c **** /* USER CODE END Header */
  22:Core/Src/main.c **** /* Includes ------------------------------------------------------------------*/
  23:Core/Src/main.c **** #include "main.h"
  24:Core/Src/main.c **** #include "dma.h"
  25:Core/Src/main.c **** #include "i2c.h"
  26:Core/Src/main.c **** #include "spi.h"
  27:Core/Src/main.c **** #include "usart.h"
  28:Core/Src/main.c **** #include "usb_device.h"
  29:Core/Src/main.c **** #include "gpio.h"
  30:Core/Src/main.c **** 
  31:Core/Src/main.c **** /* Private includes ----------------------------------------------------------*/
ARM GAS  /tmp/ccxBKfyv.s 			page 2


  32:Core/Src/main.c **** /* USER CODE BEGIN Includes */
  33:Core/Src/main.c **** 
  34:Core/Src/main.c **** /* USER CODE END Includes */
  35:Core/Src/main.c **** 
  36:Core/Src/main.c **** /* Private typedef -----------------------------------------------------------*/
  37:Core/Src/main.c **** /* USER CODE BEGIN PTD */
  38:Core/Src/main.c **** 
  39:Core/Src/main.c **** /* USER CODE END PTD */
  40:Core/Src/main.c **** 
  41:Core/Src/main.c **** /* Private define ------------------------------------------------------------*/
  42:Core/Src/main.c **** /* USER CODE BEGIN PD */
  43:Core/Src/main.c **** /* USER CODE END PD */
  44:Core/Src/main.c **** 
  45:Core/Src/main.c **** /* Private macro -------------------------------------------------------------*/
  46:Core/Src/main.c **** /* USER CODE BEGIN PM */
  47:Core/Src/main.c **** 
  48:Core/Src/main.c **** /* USER CODE END PM */
  49:Core/Src/main.c **** 
  50:Core/Src/main.c **** /* Private variables ---------------------------------------------------------*/
  51:Core/Src/main.c **** 
  52:Core/Src/main.c **** /* USER CODE BEGIN PV */
  53:Core/Src/main.c **** 
  54:Core/Src/main.c **** /* USER CODE END PV */
  55:Core/Src/main.c **** 
  56:Core/Src/main.c **** /* Private function prototypes -----------------------------------------------*/
  57:Core/Src/main.c **** void SystemClock_Config(void);
  58:Core/Src/main.c **** /* USER CODE BEGIN PFP */
  59:Core/Src/main.c **** 
  60:Core/Src/main.c **** /* USER CODE END PFP */
  61:Core/Src/main.c **** 
  62:Core/Src/main.c **** /* Private user code ---------------------------------------------------------*/
  63:Core/Src/main.c **** /* USER CODE BEGIN 0 */
  64:Core/Src/main.c **** 
  65:Core/Src/main.c **** /* USER CODE END 0 */
  66:Core/Src/main.c **** 
  67:Core/Src/main.c **** /**
  68:Core/Src/main.c ****   * @brief  The application entry point.
  69:Core/Src/main.c ****   * @retval int
  70:Core/Src/main.c ****   */
  71:Core/Src/main.c **** int main(void)
  72:Core/Src/main.c **** {
  73:Core/Src/main.c ****   /* USER CODE BEGIN 1 */
  74:Core/Src/main.c ****   
  75:Core/Src/main.c ****   /* USER CODE END 1 */
  76:Core/Src/main.c **** 
  77:Core/Src/main.c ****   /* MCU Configuration--------------------------------------------------------*/
  78:Core/Src/main.c **** 
  79:Core/Src/main.c ****   /* Reset of all peripherals, Initializes the Flash interface and the Systick. */
  80:Core/Src/main.c ****   HAL_Init();
  81:Core/Src/main.c **** 
  82:Core/Src/main.c ****   /* USER CODE BEGIN Init */
  83:Core/Src/main.c **** 
  84:Core/Src/main.c ****   /* USER CODE END Init */
  85:Core/Src/main.c **** 
  86:Core/Src/main.c ****   /* Configure the system clock */
  87:Core/Src/main.c ****   SystemClock_Config();
  88:Core/Src/main.c **** 
ARM GAS  /tmp/ccxBKfyv.s 			page 3


  89:Core/Src/main.c ****   /* USER CODE BEGIN SysInit */
  90:Core/Src/main.c **** 
  91:Core/Src/main.c ****   /* USER CODE END SysInit */
  92:Core/Src/main.c **** 
  93:Core/Src/main.c ****   /* Initialize all configured peripherals */
  94:Core/Src/main.c ****   MX_GPIO_Init();
  95:Core/Src/main.c ****   MX_DMA_Init();
  96:Core/Src/main.c ****   MX_I2C1_Init();
  97:Core/Src/main.c ****   MX_SPI1_Init();
  98:Core/Src/main.c ****   MX_USART3_UART_Init();
  99:Core/Src/main.c ****   MX_USB_DEVICE_Init();
 100:Core/Src/main.c ****   /* USER CODE BEGIN 2 */
 101:Core/Src/main.c **** 
 102:Core/Src/main.c ****   /* USER CODE END 2 */
 103:Core/Src/main.c **** 
 104:Core/Src/main.c ****   /* Infinite loop */
 105:Core/Src/main.c ****   /* USER CODE BEGIN WHILE */
 106:Core/Src/main.c ****   while (1)
 107:Core/Src/main.c ****   {
 108:Core/Src/main.c ****     
 109:Core/Src/main.c ****     /* USER CODE END WHILE */
 110:Core/Src/main.c ****     HAL_Delay(1000);//delay 1 sec
 111:Core/Src/main.c ****     HAL_GPIO_TogglePin(LD3_GPIO_Port, LD3_Pin);//toggle gpio
 112:Core/Src/main.c ****     HAL_Delay(1000);//delay 1 sec
 113:Core/Src/main.c ****     HAL_GPIO_TogglePin(LD3_GPIO_Port, LD3_Pin);//toggle gpio
 114:Core/Src/main.c ****     
 115:Core/Src/main.c ****    
 116:Core/Src/main.c **** 
 117:Core/Src/main.c ****     /* USER CODE BEGIN 3 */
 118:Core/Src/main.c ****   }
 119:Core/Src/main.c ****   /* USER CODE END 3 */
 120:Core/Src/main.c **** }
 121:Core/Src/main.c **** 
 122:Core/Src/main.c **** /**
 123:Core/Src/main.c ****   * @brief System Clock Configuration
 124:Core/Src/main.c ****   * @retval None
 125:Core/Src/main.c ****   */
 126:Core/Src/main.c **** void SystemClock_Config(void)
 127:Core/Src/main.c **** {
 128:Core/Src/main.c ****   RCC_OscInitTypeDef RCC_OscInitStruct = {0};
 129:Core/Src/main.c ****   RCC_ClkInitTypeDef RCC_ClkInitStruct = {0};
 130:Core/Src/main.c **** 
 131:Core/Src/main.c ****   /*AXI clock gating */
 132:Core/Src/main.c ****   RCC->CKGAENR = 0xFFFFFFFF;
 133:Core/Src/main.c **** 
 134:Core/Src/main.c ****   /** Supply configuration update enable
 135:Core/Src/main.c ****   */
 136:Core/Src/main.c ****   HAL_PWREx_ConfigSupply(PWR_DIRECT_SMPS_SUPPLY);
 137:Core/Src/main.c **** 
 138:Core/Src/main.c ****   /** Configure the main internal regulator output voltage
 139:Core/Src/main.c ****   */
 140:Core/Src/main.c ****   __HAL_PWR_VOLTAGESCALING_CONFIG(PWR_REGULATOR_VOLTAGE_SCALE0);
 141:Core/Src/main.c **** 
 142:Core/Src/main.c ****   while(!__HAL_PWR_GET_FLAG(PWR_FLAG_VOSRDY)) {}
 143:Core/Src/main.c **** 
 144:Core/Src/main.c ****   /** Initializes the RCC Oscillators according to the specified parameters
 145:Core/Src/main.c ****   * in the RCC_OscInitTypeDef structure.
ARM GAS  /tmp/ccxBKfyv.s 			page 4


 146:Core/Src/main.c ****   */
 147:Core/Src/main.c ****   RCC_OscInitStruct.OscillatorType = RCC_OSCILLATORTYPE_HSI48|RCC_OSCILLATORTYPE_HSE;
 148:Core/Src/main.c ****   RCC_OscInitStruct.HSEState = RCC_HSE_BYPASS;
 149:Core/Src/main.c ****   RCC_OscInitStruct.HSI48State = RCC_HSI48_ON;
 150:Core/Src/main.c ****   RCC_OscInitStruct.PLL.PLLState = RCC_PLL_ON;
 151:Core/Src/main.c ****   RCC_OscInitStruct.PLL.PLLSource = RCC_PLLSOURCE_HSE;
 152:Core/Src/main.c ****   RCC_OscInitStruct.PLL.PLLM = 1;
 153:Core/Src/main.c ****   RCC_OscInitStruct.PLL.PLLN = 70;
 154:Core/Src/main.c ****   RCC_OscInitStruct.PLL.PLLP = 2;
 155:Core/Src/main.c ****   RCC_OscInitStruct.PLL.PLLQ = 4;
 156:Core/Src/main.c ****   RCC_OscInitStruct.PLL.PLLR = 2;
 157:Core/Src/main.c ****   RCC_OscInitStruct.PLL.PLLRGE = RCC_PLL1VCIRANGE_3;
 158:Core/Src/main.c ****   RCC_OscInitStruct.PLL.PLLVCOSEL = RCC_PLL1VCOWIDE;
 159:Core/Src/main.c ****   RCC_OscInitStruct.PLL.PLLFRACN = 0;
 160:Core/Src/main.c ****   if (HAL_RCC_OscConfig(&RCC_OscInitStruct) != HAL_OK)
 161:Core/Src/main.c ****   {
 162:Core/Src/main.c ****     Error_Handler();
 163:Core/Src/main.c ****   }
 164:Core/Src/main.c **** 
 165:Core/Src/main.c ****   /** Initializes the CPU, AHB and APB buses clocks
 166:Core/Src/main.c ****   */
 167:Core/Src/main.c ****   RCC_ClkInitStruct.ClockType = RCC_CLOCKTYPE_HCLK|RCC_CLOCKTYPE_SYSCLK
 168:Core/Src/main.c ****                               |RCC_CLOCKTYPE_PCLK1|RCC_CLOCKTYPE_PCLK2
 169:Core/Src/main.c ****                               |RCC_CLOCKTYPE_D3PCLK1|RCC_CLOCKTYPE_D1PCLK1;
 170:Core/Src/main.c ****   RCC_ClkInitStruct.SYSCLKSource = RCC_SYSCLKSOURCE_PLLCLK;
 171:Core/Src/main.c ****   RCC_ClkInitStruct.SYSCLKDivider = RCC_SYSCLK_DIV1;
 172:Core/Src/main.c ****   RCC_ClkInitStruct.AHBCLKDivider = RCC_HCLK_DIV1;
 173:Core/Src/main.c ****   RCC_ClkInitStruct.APB3CLKDivider = RCC_APB3_DIV2;
 174:Core/Src/main.c ****   RCC_ClkInitStruct.APB1CLKDivider = RCC_APB1_DIV2;
 175:Core/Src/main.c ****   RCC_ClkInitStruct.APB2CLKDivider = RCC_APB2_DIV2;
 176:Core/Src/main.c ****   RCC_ClkInitStruct.APB4CLKDivider = RCC_APB4_DIV2;
 177:Core/Src/main.c **** 
 178:Core/Src/main.c ****   if (HAL_RCC_ClockConfig(&RCC_ClkInitStruct, FLASH_LATENCY_7) != HAL_OK)
 179:Core/Src/main.c ****   {
 180:Core/Src/main.c ****     Error_Handler();
 181:Core/Src/main.c ****   }
 182:Core/Src/main.c **** }
 183:Core/Src/main.c **** 
 184:Core/Src/main.c **** /* USER CODE BEGIN 4 */
 185:Core/Src/main.c **** 
 186:Core/Src/main.c **** /* USER CODE END 4 */
 187:Core/Src/main.c **** 
 188:Core/Src/main.c **** /**
 189:Core/Src/main.c ****   * @brief  This function is executed in case of error occurrence.
 190:Core/Src/main.c ****   * @retval None
 191:Core/Src/main.c ****   */
 192:Core/Src/main.c **** void Error_Handler(void)
 193:Core/Src/main.c **** {
  28              		.loc 1 193 1 view -0
  29              		.cfi_startproc
  30              		@ Volatile: function does not return.
  31              		@ args = 0, pretend = 0, frame = 0
  32              		@ frame_needed = 0, uses_anonymous_args = 0
  33              		@ link register save eliminated.
 194:Core/Src/main.c ****   /* USER CODE BEGIN Error_Handler_Debug */
 195:Core/Src/main.c ****   /* User can add his own implementation to report the HAL error return state */
 196:Core/Src/main.c ****   __disable_irq();
ARM GAS  /tmp/ccxBKfyv.s 			page 5


  34              		.loc 1 196 3 view .LVU1
  35              	.LBB4:
  36              	.LBI4:
  37              		.file 2 "Drivers/CMSIS/Include/cmsis_gcc.h"
   1:Drivers/CMSIS/Include/cmsis_gcc.h **** /**************************************************************************//**
   2:Drivers/CMSIS/Include/cmsis_gcc.h ****  * @file     cmsis_gcc.h
   3:Drivers/CMSIS/Include/cmsis_gcc.h ****  * @brief    CMSIS compiler GCC header file
   4:Drivers/CMSIS/Include/cmsis_gcc.h ****  * @version  V5.2.0
   5:Drivers/CMSIS/Include/cmsis_gcc.h ****  * @date     08. May 2019
   6:Drivers/CMSIS/Include/cmsis_gcc.h ****  ******************************************************************************/
   7:Drivers/CMSIS/Include/cmsis_gcc.h **** /*
   8:Drivers/CMSIS/Include/cmsis_gcc.h ****  * Copyright (c) 2009-2019 Arm Limited. All rights reserved.
   9:Drivers/CMSIS/Include/cmsis_gcc.h ****  *
  10:Drivers/CMSIS/Include/cmsis_gcc.h ****  * SPDX-License-Identifier: Apache-2.0
  11:Drivers/CMSIS/Include/cmsis_gcc.h ****  *
  12:Drivers/CMSIS/Include/cmsis_gcc.h ****  * Licensed under the Apache License, Version 2.0 (the License); you may
  13:Drivers/CMSIS/Include/cmsis_gcc.h ****  * not use this file except in compliance with the License.
  14:Drivers/CMSIS/Include/cmsis_gcc.h ****  * You may obtain a copy of the License at
  15:Drivers/CMSIS/Include/cmsis_gcc.h ****  *
  16:Drivers/CMSIS/Include/cmsis_gcc.h ****  * www.apache.org/licenses/LICENSE-2.0
  17:Drivers/CMSIS/Include/cmsis_gcc.h ****  *
  18:Drivers/CMSIS/Include/cmsis_gcc.h ****  * Unless required by applicable law or agreed to in writing, software
  19:Drivers/CMSIS/Include/cmsis_gcc.h ****  * distributed under the License is distributed on an AS IS BASIS, WITHOUT
  20:Drivers/CMSIS/Include/cmsis_gcc.h ****  * WARRANTIES OR CONDITIONS OF ANY KIND, either express or implied.
  21:Drivers/CMSIS/Include/cmsis_gcc.h ****  * See the License for the specific language governing permissions and
  22:Drivers/CMSIS/Include/cmsis_gcc.h ****  * limitations under the License.
  23:Drivers/CMSIS/Include/cmsis_gcc.h ****  */
  24:Drivers/CMSIS/Include/cmsis_gcc.h **** 
  25:Drivers/CMSIS/Include/cmsis_gcc.h **** #ifndef __CMSIS_GCC_H
  26:Drivers/CMSIS/Include/cmsis_gcc.h **** #define __CMSIS_GCC_H
  27:Drivers/CMSIS/Include/cmsis_gcc.h **** 
  28:Drivers/CMSIS/Include/cmsis_gcc.h **** /* ignore some GCC warnings */
  29:Drivers/CMSIS/Include/cmsis_gcc.h **** #pragma GCC diagnostic push
  30:Drivers/CMSIS/Include/cmsis_gcc.h **** #pragma GCC diagnostic ignored "-Wsign-conversion"
  31:Drivers/CMSIS/Include/cmsis_gcc.h **** #pragma GCC diagnostic ignored "-Wconversion"
  32:Drivers/CMSIS/Include/cmsis_gcc.h **** #pragma GCC diagnostic ignored "-Wunused-parameter"
  33:Drivers/CMSIS/Include/cmsis_gcc.h **** 
  34:Drivers/CMSIS/Include/cmsis_gcc.h **** /* Fallback for __has_builtin */
  35:Drivers/CMSIS/Include/cmsis_gcc.h **** #ifndef __has_builtin
  36:Drivers/CMSIS/Include/cmsis_gcc.h ****   #define __has_builtin(x) (0)
  37:Drivers/CMSIS/Include/cmsis_gcc.h **** #endif
  38:Drivers/CMSIS/Include/cmsis_gcc.h **** 
  39:Drivers/CMSIS/Include/cmsis_gcc.h **** /* CMSIS compiler specific defines */
  40:Drivers/CMSIS/Include/cmsis_gcc.h **** #ifndef   __ASM
  41:Drivers/CMSIS/Include/cmsis_gcc.h ****   #define __ASM                                  __asm
  42:Drivers/CMSIS/Include/cmsis_gcc.h **** #endif
  43:Drivers/CMSIS/Include/cmsis_gcc.h **** #ifndef   __INLINE
  44:Drivers/CMSIS/Include/cmsis_gcc.h ****   #define __INLINE                               inline
  45:Drivers/CMSIS/Include/cmsis_gcc.h **** #endif
  46:Drivers/CMSIS/Include/cmsis_gcc.h **** #ifndef   __STATIC_INLINE
  47:Drivers/CMSIS/Include/cmsis_gcc.h ****   #define __STATIC_INLINE                        static inline
  48:Drivers/CMSIS/Include/cmsis_gcc.h **** #endif
  49:Drivers/CMSIS/Include/cmsis_gcc.h **** #ifndef   __STATIC_FORCEINLINE                 
  50:Drivers/CMSIS/Include/cmsis_gcc.h ****   #define __STATIC_FORCEINLINE                   __attribute__((always_inline)) static inline
  51:Drivers/CMSIS/Include/cmsis_gcc.h **** #endif                                           
  52:Drivers/CMSIS/Include/cmsis_gcc.h **** #ifndef   __NO_RETURN
  53:Drivers/CMSIS/Include/cmsis_gcc.h ****   #define __NO_RETURN                            __attribute__((__noreturn__))
ARM GAS  /tmp/ccxBKfyv.s 			page 6


  54:Drivers/CMSIS/Include/cmsis_gcc.h **** #endif
  55:Drivers/CMSIS/Include/cmsis_gcc.h **** #ifndef   __USED
  56:Drivers/CMSIS/Include/cmsis_gcc.h ****   #define __USED                                 __attribute__((used))
  57:Drivers/CMSIS/Include/cmsis_gcc.h **** #endif
  58:Drivers/CMSIS/Include/cmsis_gcc.h **** #ifndef   __WEAK
  59:Drivers/CMSIS/Include/cmsis_gcc.h ****   #define __WEAK                                 __attribute__((weak))
  60:Drivers/CMSIS/Include/cmsis_gcc.h **** #endif
  61:Drivers/CMSIS/Include/cmsis_gcc.h **** #ifndef   __PACKED
  62:Drivers/CMSIS/Include/cmsis_gcc.h ****   #define __PACKED                               __attribute__((packed, aligned(1)))
  63:Drivers/CMSIS/Include/cmsis_gcc.h **** #endif
  64:Drivers/CMSIS/Include/cmsis_gcc.h **** #ifndef   __PACKED_STRUCT
  65:Drivers/CMSIS/Include/cmsis_gcc.h ****   #define __PACKED_STRUCT                        struct __attribute__((packed, aligned(1)))
  66:Drivers/CMSIS/Include/cmsis_gcc.h **** #endif
  67:Drivers/CMSIS/Include/cmsis_gcc.h **** #ifndef   __PACKED_UNION
  68:Drivers/CMSIS/Include/cmsis_gcc.h ****   #define __PACKED_UNION                         union __attribute__((packed, aligned(1)))
  69:Drivers/CMSIS/Include/cmsis_gcc.h **** #endif
  70:Drivers/CMSIS/Include/cmsis_gcc.h **** #ifndef   __UNALIGNED_UINT32        /* deprecated */
  71:Drivers/CMSIS/Include/cmsis_gcc.h ****   #pragma GCC diagnostic push
  72:Drivers/CMSIS/Include/cmsis_gcc.h ****   #pragma GCC diagnostic ignored "-Wpacked"
  73:Drivers/CMSIS/Include/cmsis_gcc.h ****   #pragma GCC diagnostic ignored "-Wattributes"
  74:Drivers/CMSIS/Include/cmsis_gcc.h ****   struct __attribute__((packed)) T_UINT32 { uint32_t v; };
  75:Drivers/CMSIS/Include/cmsis_gcc.h ****   #pragma GCC diagnostic pop
  76:Drivers/CMSIS/Include/cmsis_gcc.h ****   #define __UNALIGNED_UINT32(x)                  (((struct T_UINT32 *)(x))->v)
  77:Drivers/CMSIS/Include/cmsis_gcc.h **** #endif
  78:Drivers/CMSIS/Include/cmsis_gcc.h **** #ifndef   __UNALIGNED_UINT16_WRITE
  79:Drivers/CMSIS/Include/cmsis_gcc.h ****   #pragma GCC diagnostic push
  80:Drivers/CMSIS/Include/cmsis_gcc.h ****   #pragma GCC diagnostic ignored "-Wpacked"
  81:Drivers/CMSIS/Include/cmsis_gcc.h ****   #pragma GCC diagnostic ignored "-Wattributes"
  82:Drivers/CMSIS/Include/cmsis_gcc.h ****   __PACKED_STRUCT T_UINT16_WRITE { uint16_t v; };
  83:Drivers/CMSIS/Include/cmsis_gcc.h ****   #pragma GCC diagnostic pop
  84:Drivers/CMSIS/Include/cmsis_gcc.h ****   #define __UNALIGNED_UINT16_WRITE(addr, val)    (void)((((struct T_UINT16_WRITE *)(void *)(addr))-
  85:Drivers/CMSIS/Include/cmsis_gcc.h **** #endif
  86:Drivers/CMSIS/Include/cmsis_gcc.h **** #ifndef   __UNALIGNED_UINT16_READ
  87:Drivers/CMSIS/Include/cmsis_gcc.h ****   #pragma GCC diagnostic push
  88:Drivers/CMSIS/Include/cmsis_gcc.h ****   #pragma GCC diagnostic ignored "-Wpacked"
  89:Drivers/CMSIS/Include/cmsis_gcc.h ****   #pragma GCC diagnostic ignored "-Wattributes"
  90:Drivers/CMSIS/Include/cmsis_gcc.h ****   __PACKED_STRUCT T_UINT16_READ { uint16_t v; };
  91:Drivers/CMSIS/Include/cmsis_gcc.h ****   #pragma GCC diagnostic pop
  92:Drivers/CMSIS/Include/cmsis_gcc.h ****   #define __UNALIGNED_UINT16_READ(addr)          (((const struct T_UINT16_READ *)(const void *)(add
  93:Drivers/CMSIS/Include/cmsis_gcc.h **** #endif
  94:Drivers/CMSIS/Include/cmsis_gcc.h **** #ifndef   __UNALIGNED_UINT32_WRITE
  95:Drivers/CMSIS/Include/cmsis_gcc.h ****   #pragma GCC diagnostic push
  96:Drivers/CMSIS/Include/cmsis_gcc.h ****   #pragma GCC diagnostic ignored "-Wpacked"
  97:Drivers/CMSIS/Include/cmsis_gcc.h ****   #pragma GCC diagnostic ignored "-Wattributes"
  98:Drivers/CMSIS/Include/cmsis_gcc.h ****   __PACKED_STRUCT T_UINT32_WRITE { uint32_t v; };
  99:Drivers/CMSIS/Include/cmsis_gcc.h ****   #pragma GCC diagnostic pop
 100:Drivers/CMSIS/Include/cmsis_gcc.h ****   #define __UNALIGNED_UINT32_WRITE(addr, val)    (void)((((struct T_UINT32_WRITE *)(void *)(addr))-
 101:Drivers/CMSIS/Include/cmsis_gcc.h **** #endif
 102:Drivers/CMSIS/Include/cmsis_gcc.h **** #ifndef   __UNALIGNED_UINT32_READ
 103:Drivers/CMSIS/Include/cmsis_gcc.h ****   #pragma GCC diagnostic push
 104:Drivers/CMSIS/Include/cmsis_gcc.h ****   #pragma GCC diagnostic ignored "-Wpacked"
 105:Drivers/CMSIS/Include/cmsis_gcc.h ****   #pragma GCC diagnostic ignored "-Wattributes"
 106:Drivers/CMSIS/Include/cmsis_gcc.h ****   __PACKED_STRUCT T_UINT32_READ { uint32_t v; };
 107:Drivers/CMSIS/Include/cmsis_gcc.h ****   #pragma GCC diagnostic pop
 108:Drivers/CMSIS/Include/cmsis_gcc.h ****   #define __UNALIGNED_UINT32_READ(addr)          (((const struct T_UINT32_READ *)(const void *)(add
 109:Drivers/CMSIS/Include/cmsis_gcc.h **** #endif
 110:Drivers/CMSIS/Include/cmsis_gcc.h **** #ifndef   __ALIGNED
ARM GAS  /tmp/ccxBKfyv.s 			page 7


 111:Drivers/CMSIS/Include/cmsis_gcc.h ****   #define __ALIGNED(x)                           __attribute__((aligned(x)))
 112:Drivers/CMSIS/Include/cmsis_gcc.h **** #endif
 113:Drivers/CMSIS/Include/cmsis_gcc.h **** #ifndef   __RESTRICT
 114:Drivers/CMSIS/Include/cmsis_gcc.h ****   #define __RESTRICT                             __restrict
 115:Drivers/CMSIS/Include/cmsis_gcc.h **** #endif
 116:Drivers/CMSIS/Include/cmsis_gcc.h **** #ifndef   __COMPILER_BARRIER
 117:Drivers/CMSIS/Include/cmsis_gcc.h ****   #define __COMPILER_BARRIER()                   __ASM volatile("":::"memory")
 118:Drivers/CMSIS/Include/cmsis_gcc.h **** #endif
 119:Drivers/CMSIS/Include/cmsis_gcc.h **** 
 120:Drivers/CMSIS/Include/cmsis_gcc.h **** /* #########################  Startup and Lowlevel Init  ######################## */
 121:Drivers/CMSIS/Include/cmsis_gcc.h **** 
 122:Drivers/CMSIS/Include/cmsis_gcc.h **** #ifndef __PROGRAM_START
 123:Drivers/CMSIS/Include/cmsis_gcc.h **** 
 124:Drivers/CMSIS/Include/cmsis_gcc.h **** /**
 125:Drivers/CMSIS/Include/cmsis_gcc.h ****   \brief   Initializes data and bss sections
 126:Drivers/CMSIS/Include/cmsis_gcc.h ****   \details This default implementations initialized all data and additional bss
 127:Drivers/CMSIS/Include/cmsis_gcc.h ****            sections relying on .copy.table and .zero.table specified properly
 128:Drivers/CMSIS/Include/cmsis_gcc.h ****            in the used linker script.
 129:Drivers/CMSIS/Include/cmsis_gcc.h ****   
 130:Drivers/CMSIS/Include/cmsis_gcc.h ****  */
 131:Drivers/CMSIS/Include/cmsis_gcc.h **** __STATIC_FORCEINLINE __NO_RETURN void __cmsis_start(void)
 132:Drivers/CMSIS/Include/cmsis_gcc.h **** {
 133:Drivers/CMSIS/Include/cmsis_gcc.h ****   extern void _start(void) __NO_RETURN;
 134:Drivers/CMSIS/Include/cmsis_gcc.h ****   
 135:Drivers/CMSIS/Include/cmsis_gcc.h ****   typedef struct {
 136:Drivers/CMSIS/Include/cmsis_gcc.h ****     uint32_t const* src;
 137:Drivers/CMSIS/Include/cmsis_gcc.h ****     uint32_t* dest;
 138:Drivers/CMSIS/Include/cmsis_gcc.h ****     uint32_t  wlen;
 139:Drivers/CMSIS/Include/cmsis_gcc.h ****   } __copy_table_t;
 140:Drivers/CMSIS/Include/cmsis_gcc.h ****   
 141:Drivers/CMSIS/Include/cmsis_gcc.h ****   typedef struct {
 142:Drivers/CMSIS/Include/cmsis_gcc.h ****     uint32_t* dest;
 143:Drivers/CMSIS/Include/cmsis_gcc.h ****     uint32_t  wlen;
 144:Drivers/CMSIS/Include/cmsis_gcc.h ****   } __zero_table_t;
 145:Drivers/CMSIS/Include/cmsis_gcc.h ****   
 146:Drivers/CMSIS/Include/cmsis_gcc.h ****   extern const __copy_table_t __copy_table_start__;
 147:Drivers/CMSIS/Include/cmsis_gcc.h ****   extern const __copy_table_t __copy_table_end__;
 148:Drivers/CMSIS/Include/cmsis_gcc.h ****   extern const __zero_table_t __zero_table_start__;
 149:Drivers/CMSIS/Include/cmsis_gcc.h ****   extern const __zero_table_t __zero_table_end__;
 150:Drivers/CMSIS/Include/cmsis_gcc.h **** 
 151:Drivers/CMSIS/Include/cmsis_gcc.h ****   for (__copy_table_t const* pTable = &__copy_table_start__; pTable < &__copy_table_end__; ++pTable
 152:Drivers/CMSIS/Include/cmsis_gcc.h ****     for(uint32_t i=0u; i<pTable->wlen; ++i) {
 153:Drivers/CMSIS/Include/cmsis_gcc.h ****       pTable->dest[i] = pTable->src[i];
 154:Drivers/CMSIS/Include/cmsis_gcc.h ****     }
 155:Drivers/CMSIS/Include/cmsis_gcc.h ****   }
 156:Drivers/CMSIS/Include/cmsis_gcc.h ****  
 157:Drivers/CMSIS/Include/cmsis_gcc.h ****   for (__zero_table_t const* pTable = &__zero_table_start__; pTable < &__zero_table_end__; ++pTable
 158:Drivers/CMSIS/Include/cmsis_gcc.h ****     for(uint32_t i=0u; i<pTable->wlen; ++i) {
 159:Drivers/CMSIS/Include/cmsis_gcc.h ****       pTable->dest[i] = 0u;
 160:Drivers/CMSIS/Include/cmsis_gcc.h ****     }
 161:Drivers/CMSIS/Include/cmsis_gcc.h ****   }
 162:Drivers/CMSIS/Include/cmsis_gcc.h ****  
 163:Drivers/CMSIS/Include/cmsis_gcc.h ****   _start();
 164:Drivers/CMSIS/Include/cmsis_gcc.h **** }
 165:Drivers/CMSIS/Include/cmsis_gcc.h ****   
 166:Drivers/CMSIS/Include/cmsis_gcc.h **** #define __PROGRAM_START           __cmsis_start
 167:Drivers/CMSIS/Include/cmsis_gcc.h **** #endif
ARM GAS  /tmp/ccxBKfyv.s 			page 8


 168:Drivers/CMSIS/Include/cmsis_gcc.h **** 
 169:Drivers/CMSIS/Include/cmsis_gcc.h **** #ifndef __INITIAL_SP
 170:Drivers/CMSIS/Include/cmsis_gcc.h **** #define __INITIAL_SP              __StackTop
 171:Drivers/CMSIS/Include/cmsis_gcc.h **** #endif
 172:Drivers/CMSIS/Include/cmsis_gcc.h **** 
 173:Drivers/CMSIS/Include/cmsis_gcc.h **** #ifndef __STACK_LIMIT
 174:Drivers/CMSIS/Include/cmsis_gcc.h **** #define __STACK_LIMIT             __StackLimit
 175:Drivers/CMSIS/Include/cmsis_gcc.h **** #endif
 176:Drivers/CMSIS/Include/cmsis_gcc.h **** 
 177:Drivers/CMSIS/Include/cmsis_gcc.h **** #ifndef __VECTOR_TABLE
 178:Drivers/CMSIS/Include/cmsis_gcc.h **** #define __VECTOR_TABLE            __Vectors
 179:Drivers/CMSIS/Include/cmsis_gcc.h **** #endif
 180:Drivers/CMSIS/Include/cmsis_gcc.h **** 
 181:Drivers/CMSIS/Include/cmsis_gcc.h **** #ifndef __VECTOR_TABLE_ATTRIBUTE
 182:Drivers/CMSIS/Include/cmsis_gcc.h **** #define __VECTOR_TABLE_ATTRIBUTE  __attribute((used, section(".vectors")))
 183:Drivers/CMSIS/Include/cmsis_gcc.h **** #endif
 184:Drivers/CMSIS/Include/cmsis_gcc.h **** 
 185:Drivers/CMSIS/Include/cmsis_gcc.h **** /* ###########################  Core Function Access  ########################### */
 186:Drivers/CMSIS/Include/cmsis_gcc.h **** /** \ingroup  CMSIS_Core_FunctionInterface
 187:Drivers/CMSIS/Include/cmsis_gcc.h ****     \defgroup CMSIS_Core_RegAccFunctions CMSIS Core Register Access Functions
 188:Drivers/CMSIS/Include/cmsis_gcc.h ****   @{
 189:Drivers/CMSIS/Include/cmsis_gcc.h ****  */
 190:Drivers/CMSIS/Include/cmsis_gcc.h **** 
 191:Drivers/CMSIS/Include/cmsis_gcc.h **** /**
 192:Drivers/CMSIS/Include/cmsis_gcc.h ****   \brief   Enable IRQ Interrupts
 193:Drivers/CMSIS/Include/cmsis_gcc.h ****   \details Enables IRQ interrupts by clearing the I-bit in the CPSR.
 194:Drivers/CMSIS/Include/cmsis_gcc.h ****            Can only be executed in Privileged modes.
 195:Drivers/CMSIS/Include/cmsis_gcc.h ****  */
 196:Drivers/CMSIS/Include/cmsis_gcc.h **** __STATIC_FORCEINLINE void __enable_irq(void)
 197:Drivers/CMSIS/Include/cmsis_gcc.h **** {
 198:Drivers/CMSIS/Include/cmsis_gcc.h ****   __ASM volatile ("cpsie i" : : : "memory");
 199:Drivers/CMSIS/Include/cmsis_gcc.h **** }
 200:Drivers/CMSIS/Include/cmsis_gcc.h **** 
 201:Drivers/CMSIS/Include/cmsis_gcc.h **** 
 202:Drivers/CMSIS/Include/cmsis_gcc.h **** /**
 203:Drivers/CMSIS/Include/cmsis_gcc.h ****   \brief   Disable IRQ Interrupts
 204:Drivers/CMSIS/Include/cmsis_gcc.h ****   \details Disables IRQ interrupts by setting the I-bit in the CPSR.
 205:Drivers/CMSIS/Include/cmsis_gcc.h ****            Can only be executed in Privileged modes.
 206:Drivers/CMSIS/Include/cmsis_gcc.h ****  */
 207:Drivers/CMSIS/Include/cmsis_gcc.h **** __STATIC_FORCEINLINE void __disable_irq(void)
  38              		.loc 2 207 27 view .LVU2
  39              	.LBB5:
 208:Drivers/CMSIS/Include/cmsis_gcc.h **** {
 209:Drivers/CMSIS/Include/cmsis_gcc.h ****   __ASM volatile ("cpsid i" : : : "memory");
  40              		.loc 2 209 3 view .LVU3
  41              		.syntax unified
  42              	@ 209 "Drivers/CMSIS/Include/cmsis_gcc.h" 1
  43 0000 72B6     		cpsid i
  44              	@ 0 "" 2
  45              		.thumb
  46              		.syntax unified
  47              	.L2:
  48              	.LBE5:
  49              	.LBE4:
 197:Core/Src/main.c ****   while (1)
  50              		.loc 1 197 3 discriminator 1 view .LVU4
 198:Core/Src/main.c ****   {
ARM GAS  /tmp/ccxBKfyv.s 			page 9


 199:Core/Src/main.c ****   }
  51              		.loc 1 199 3 discriminator 1 view .LVU5
 197:Core/Src/main.c ****   while (1)
  52              		.loc 1 197 9 discriminator 1 view .LVU6
  53 0002 FEE7     		b	.L2
  54              		.cfi_endproc
  55              	.LFE150:
  57              		.section	.text.SystemClock_Config,"ax",%progbits
  58              		.align	1
  59              		.global	SystemClock_Config
  60              		.syntax unified
  61              		.thumb
  62              		.thumb_func
  64              	SystemClock_Config:
  65              	.LFB149:
 127:Core/Src/main.c ****   RCC_OscInitTypeDef RCC_OscInitStruct = {0};
  66              		.loc 1 127 1 view -0
  67              		.cfi_startproc
  68              		@ args = 0, pretend = 0, frame = 112
  69              		@ frame_needed = 0, uses_anonymous_args = 0
  70 0000 00B5     		push	{lr}
  71              	.LCFI0:
  72              		.cfi_def_cfa_offset 4
  73              		.cfi_offset 14, -4
  74 0002 9DB0     		sub	sp, sp, #116
  75              	.LCFI1:
  76              		.cfi_def_cfa_offset 120
 128:Core/Src/main.c ****   RCC_ClkInitTypeDef RCC_ClkInitStruct = {0};
  77              		.loc 1 128 3 view .LVU8
 128:Core/Src/main.c ****   RCC_ClkInitTypeDef RCC_ClkInitStruct = {0};
  78              		.loc 1 128 22 is_stmt 0 view .LVU9
  79 0004 4C22     		movs	r2, #76
  80 0006 0021     		movs	r1, #0
  81 0008 09A8     		add	r0, sp, #36
  82 000a FFF7FEFF 		bl	memset
  83              	.LVL0:
 129:Core/Src/main.c **** 
  84              		.loc 1 129 3 is_stmt 1 view .LVU10
 129:Core/Src/main.c **** 
  85              		.loc 1 129 22 is_stmt 0 view .LVU11
  86 000e 2022     		movs	r2, #32
  87 0010 0021     		movs	r1, #0
  88 0012 01A8     		add	r0, sp, #4
  89 0014 FFF7FEFF 		bl	memset
  90              	.LVL1:
 132:Core/Src/main.c **** 
  91              		.loc 1 132 3 is_stmt 1 view .LVU12
 132:Core/Src/main.c **** 
  92              		.loc 1 132 16 is_stmt 0 view .LVU13
  93 0018 264B     		ldr	r3, .L10
  94 001a 4FF0FF32 		mov	r2, #-1
  95 001e C3F8B020 		str	r2, [r3, #176]
 136:Core/Src/main.c **** 
  96              		.loc 1 136 3 is_stmt 1 view .LVU14
  97 0022 0420     		movs	r0, #4
  98 0024 FFF7FEFF 		bl	HAL_PWREx_ConfigSupply
  99              	.LVL2:
ARM GAS  /tmp/ccxBKfyv.s 			page 10


 140:Core/Src/main.c **** 
 100              		.loc 1 140 3 view .LVU15
 101              	.LBB6:
 140:Core/Src/main.c **** 
 102              		.loc 1 140 3 view .LVU16
 103 0028 0023     		movs	r3, #0
 104 002a 0093     		str	r3, [sp]
 140:Core/Src/main.c **** 
 105              		.loc 1 140 3 view .LVU17
 106 002c 224B     		ldr	r3, .L10+4
 107 002e 9A69     		ldr	r2, [r3, #24]
 108 0030 42F44042 		orr	r2, r2, #49152
 109 0034 9A61     		str	r2, [r3, #24]
 140:Core/Src/main.c **** 
 110              		.loc 1 140 3 view .LVU18
 111 0036 9B69     		ldr	r3, [r3, #24]
 112 0038 03F44043 		and	r3, r3, #49152
 113 003c 0093     		str	r3, [sp]
 140:Core/Src/main.c **** 
 114              		.loc 1 140 3 view .LVU19
 115 003e 009B     		ldr	r3, [sp]
 116              	.LBE6:
 140:Core/Src/main.c **** 
 117              		.loc 1 140 3 view .LVU20
 142:Core/Src/main.c **** 
 118              		.loc 1 142 3 view .LVU21
 119              	.L4:
 142:Core/Src/main.c **** 
 120              		.loc 1 142 48 discriminator 1 view .LVU22
 142:Core/Src/main.c **** 
 121              		.loc 1 142 9 discriminator 1 view .LVU23
 142:Core/Src/main.c **** 
 122              		.loc 1 142 10 is_stmt 0 discriminator 1 view .LVU24
 123 0040 1D4B     		ldr	r3, .L10+4
 124 0042 9B69     		ldr	r3, [r3, #24]
 142:Core/Src/main.c **** 
 125              		.loc 1 142 9 discriminator 1 view .LVU25
 126 0044 13F4005F 		tst	r3, #8192
 127 0048 FAD0     		beq	.L4
 147:Core/Src/main.c ****   RCC_OscInitStruct.HSEState = RCC_HSE_BYPASS;
 128              		.loc 1 147 3 is_stmt 1 view .LVU26
 147:Core/Src/main.c ****   RCC_OscInitStruct.HSEState = RCC_HSE_BYPASS;
 129              		.loc 1 147 36 is_stmt 0 view .LVU27
 130 004a 2123     		movs	r3, #33
 131 004c 0993     		str	r3, [sp, #36]
 148:Core/Src/main.c ****   RCC_OscInitStruct.HSI48State = RCC_HSI48_ON;
 132              		.loc 1 148 3 is_stmt 1 view .LVU28
 148:Core/Src/main.c ****   RCC_OscInitStruct.HSI48State = RCC_HSI48_ON;
 133              		.loc 1 148 30 is_stmt 0 view .LVU29
 134 004e 4FF4A023 		mov	r3, #327680
 135 0052 0A93     		str	r3, [sp, #40]
 149:Core/Src/main.c ****   RCC_OscInitStruct.PLL.PLLState = RCC_PLL_ON;
 136              		.loc 1 149 3 is_stmt 1 view .LVU30
 149:Core/Src/main.c ****   RCC_OscInitStruct.PLL.PLLState = RCC_PLL_ON;
 137              		.loc 1 149 32 is_stmt 0 view .LVU31
 138 0054 0122     		movs	r2, #1
 139 0056 0F92     		str	r2, [sp, #60]
ARM GAS  /tmp/ccxBKfyv.s 			page 11


 150:Core/Src/main.c ****   RCC_OscInitStruct.PLL.PLLSource = RCC_PLLSOURCE_HSE;
 140              		.loc 1 150 3 is_stmt 1 view .LVU32
 150:Core/Src/main.c ****   RCC_OscInitStruct.PLL.PLLSource = RCC_PLLSOURCE_HSE;
 141              		.loc 1 150 34 is_stmt 0 view .LVU33
 142 0058 0223     		movs	r3, #2
 143 005a 1293     		str	r3, [sp, #72]
 151:Core/Src/main.c ****   RCC_OscInitStruct.PLL.PLLM = 1;
 144              		.loc 1 151 3 is_stmt 1 view .LVU34
 151:Core/Src/main.c ****   RCC_OscInitStruct.PLL.PLLM = 1;
 145              		.loc 1 151 35 is_stmt 0 view .LVU35
 146 005c 1393     		str	r3, [sp, #76]
 152:Core/Src/main.c ****   RCC_OscInitStruct.PLL.PLLN = 70;
 147              		.loc 1 152 3 is_stmt 1 view .LVU36
 152:Core/Src/main.c ****   RCC_OscInitStruct.PLL.PLLN = 70;
 148              		.loc 1 152 30 is_stmt 0 view .LVU37
 149 005e 1492     		str	r2, [sp, #80]
 153:Core/Src/main.c ****   RCC_OscInitStruct.PLL.PLLP = 2;
 150              		.loc 1 153 3 is_stmt 1 view .LVU38
 153:Core/Src/main.c ****   RCC_OscInitStruct.PLL.PLLP = 2;
 151              		.loc 1 153 30 is_stmt 0 view .LVU39
 152 0060 4622     		movs	r2, #70
 153 0062 1592     		str	r2, [sp, #84]
 154:Core/Src/main.c ****   RCC_OscInitStruct.PLL.PLLQ = 4;
 154              		.loc 1 154 3 is_stmt 1 view .LVU40
 154:Core/Src/main.c ****   RCC_OscInitStruct.PLL.PLLQ = 4;
 155              		.loc 1 154 30 is_stmt 0 view .LVU41
 156 0064 1693     		str	r3, [sp, #88]
 155:Core/Src/main.c ****   RCC_OscInitStruct.PLL.PLLR = 2;
 157              		.loc 1 155 3 is_stmt 1 view .LVU42
 155:Core/Src/main.c ****   RCC_OscInitStruct.PLL.PLLR = 2;
 158              		.loc 1 155 30 is_stmt 0 view .LVU43
 159 0066 0422     		movs	r2, #4
 160 0068 1792     		str	r2, [sp, #92]
 156:Core/Src/main.c ****   RCC_OscInitStruct.PLL.PLLRGE = RCC_PLL1VCIRANGE_3;
 161              		.loc 1 156 3 is_stmt 1 view .LVU44
 156:Core/Src/main.c ****   RCC_OscInitStruct.PLL.PLLRGE = RCC_PLL1VCIRANGE_3;
 162              		.loc 1 156 30 is_stmt 0 view .LVU45
 163 006a 1893     		str	r3, [sp, #96]
 157:Core/Src/main.c ****   RCC_OscInitStruct.PLL.PLLVCOSEL = RCC_PLL1VCOWIDE;
 164              		.loc 1 157 3 is_stmt 1 view .LVU46
 157:Core/Src/main.c ****   RCC_OscInitStruct.PLL.PLLVCOSEL = RCC_PLL1VCOWIDE;
 165              		.loc 1 157 32 is_stmt 0 view .LVU47
 166 006c 0C23     		movs	r3, #12
 167 006e 1993     		str	r3, [sp, #100]
 158:Core/Src/main.c ****   RCC_OscInitStruct.PLL.PLLFRACN = 0;
 168              		.loc 1 158 3 is_stmt 1 view .LVU48
 158:Core/Src/main.c ****   RCC_OscInitStruct.PLL.PLLFRACN = 0;
 169              		.loc 1 158 35 is_stmt 0 view .LVU49
 170 0070 0023     		movs	r3, #0
 171 0072 1A93     		str	r3, [sp, #104]
 159:Core/Src/main.c ****   if (HAL_RCC_OscConfig(&RCC_OscInitStruct) != HAL_OK)
 172              		.loc 1 159 3 is_stmt 1 view .LVU50
 159:Core/Src/main.c ****   if (HAL_RCC_OscConfig(&RCC_OscInitStruct) != HAL_OK)
 173              		.loc 1 159 34 is_stmt 0 view .LVU51
 174 0074 1B93     		str	r3, [sp, #108]
 160:Core/Src/main.c ****   {
 175              		.loc 1 160 3 is_stmt 1 view .LVU52
ARM GAS  /tmp/ccxBKfyv.s 			page 12


 160:Core/Src/main.c ****   {
 176              		.loc 1 160 7 is_stmt 0 view .LVU53
 177 0076 09A8     		add	r0, sp, #36
 178 0078 FFF7FEFF 		bl	HAL_RCC_OscConfig
 179              	.LVL3:
 160:Core/Src/main.c ****   {
 180              		.loc 1 160 6 view .LVU54
 181 007c A8B9     		cbnz	r0, .L8
 167:Core/Src/main.c ****                               |RCC_CLOCKTYPE_PCLK1|RCC_CLOCKTYPE_PCLK2
 182              		.loc 1 167 3 is_stmt 1 view .LVU55
 167:Core/Src/main.c ****                               |RCC_CLOCKTYPE_PCLK1|RCC_CLOCKTYPE_PCLK2
 183              		.loc 1 167 31 is_stmt 0 view .LVU56
 184 007e 3F23     		movs	r3, #63
 185 0080 0193     		str	r3, [sp, #4]
 170:Core/Src/main.c ****   RCC_ClkInitStruct.SYSCLKDivider = RCC_SYSCLK_DIV1;
 186              		.loc 1 170 3 is_stmt 1 view .LVU57
 170:Core/Src/main.c ****   RCC_ClkInitStruct.SYSCLKDivider = RCC_SYSCLK_DIV1;
 187              		.loc 1 170 34 is_stmt 0 view .LVU58
 188 0082 0323     		movs	r3, #3
 189 0084 0293     		str	r3, [sp, #8]
 171:Core/Src/main.c ****   RCC_ClkInitStruct.AHBCLKDivider = RCC_HCLK_DIV1;
 190              		.loc 1 171 3 is_stmt 1 view .LVU59
 171:Core/Src/main.c ****   RCC_ClkInitStruct.AHBCLKDivider = RCC_HCLK_DIV1;
 191              		.loc 1 171 35 is_stmt 0 view .LVU60
 192 0086 0023     		movs	r3, #0
 193 0088 0393     		str	r3, [sp, #12]
 172:Core/Src/main.c ****   RCC_ClkInitStruct.APB3CLKDivider = RCC_APB3_DIV2;
 194              		.loc 1 172 3 is_stmt 1 view .LVU61
 172:Core/Src/main.c ****   RCC_ClkInitStruct.APB3CLKDivider = RCC_APB3_DIV2;
 195              		.loc 1 172 35 is_stmt 0 view .LVU62
 196 008a 0493     		str	r3, [sp, #16]
 173:Core/Src/main.c ****   RCC_ClkInitStruct.APB1CLKDivider = RCC_APB1_DIV2;
 197              		.loc 1 173 3 is_stmt 1 view .LVU63
 173:Core/Src/main.c ****   RCC_ClkInitStruct.APB1CLKDivider = RCC_APB1_DIV2;
 198              		.loc 1 173 36 is_stmt 0 view .LVU64
 199 008c 4023     		movs	r3, #64
 200 008e 0593     		str	r3, [sp, #20]
 174:Core/Src/main.c ****   RCC_ClkInitStruct.APB2CLKDivider = RCC_APB2_DIV2;
 201              		.loc 1 174 3 is_stmt 1 view .LVU65
 174:Core/Src/main.c ****   RCC_ClkInitStruct.APB2CLKDivider = RCC_APB2_DIV2;
 202              		.loc 1 174 36 is_stmt 0 view .LVU66
 203 0090 0693     		str	r3, [sp, #24]
 175:Core/Src/main.c ****   RCC_ClkInitStruct.APB4CLKDivider = RCC_APB4_DIV2;
 204              		.loc 1 175 3 is_stmt 1 view .LVU67
 175:Core/Src/main.c ****   RCC_ClkInitStruct.APB4CLKDivider = RCC_APB4_DIV2;
 205              		.loc 1 175 36 is_stmt 0 view .LVU68
 206 0092 4FF48062 		mov	r2, #1024
 207 0096 0792     		str	r2, [sp, #28]
 176:Core/Src/main.c **** 
 208              		.loc 1 176 3 is_stmt 1 view .LVU69
 176:Core/Src/main.c **** 
 209              		.loc 1 176 36 is_stmt 0 view .LVU70
 210 0098 0893     		str	r3, [sp, #32]
 178:Core/Src/main.c ****   {
 211              		.loc 1 178 3 is_stmt 1 view .LVU71
 178:Core/Src/main.c ****   {
 212              		.loc 1 178 7 is_stmt 0 view .LVU72
ARM GAS  /tmp/ccxBKfyv.s 			page 13


 213 009a 0721     		movs	r1, #7
 214 009c 01A8     		add	r0, sp, #4
 215 009e FFF7FEFF 		bl	HAL_RCC_ClockConfig
 216              	.LVL4:
 178:Core/Src/main.c ****   {
 217              		.loc 1 178 6 view .LVU73
 218 00a2 20B9     		cbnz	r0, .L9
 182:Core/Src/main.c **** 
 219              		.loc 1 182 1 view .LVU74
 220 00a4 1DB0     		add	sp, sp, #116
 221              	.LCFI2:
 222              		.cfi_remember_state
 223              		.cfi_def_cfa_offset 4
 224              		@ sp needed
 225 00a6 5DF804FB 		ldr	pc, [sp], #4
 226              	.L8:
 227              	.LCFI3:
 228              		.cfi_restore_state
 162:Core/Src/main.c ****   }
 229              		.loc 1 162 5 is_stmt 1 view .LVU75
 230 00aa FFF7FEFF 		bl	Error_Handler
 231              	.LVL5:
 232              	.L9:
 180:Core/Src/main.c ****   }
 233              		.loc 1 180 5 view .LVU76
 234 00ae FFF7FEFF 		bl	Error_Handler
 235              	.LVL6:
 236              	.L11:
 237 00b2 00BF     		.align	2
 238              	.L10:
 239 00b4 00440258 		.word	1476543488
 240 00b8 00480258 		.word	1476544512
 241              		.cfi_endproc
 242              	.LFE149:
 244              		.section	.text.main,"ax",%progbits
 245              		.align	1
 246              		.global	main
 247              		.syntax unified
 248              		.thumb
 249              		.thumb_func
 251              	main:
 252              	.LFB148:
  72:Core/Src/main.c ****   /* USER CODE BEGIN 1 */
 253              		.loc 1 72 1 view -0
 254              		.cfi_startproc
 255              		@ Volatile: function does not return.
 256              		@ args = 0, pretend = 0, frame = 0
 257              		@ frame_needed = 0, uses_anonymous_args = 0
 258 0000 08B5     		push	{r3, lr}
 259              	.LCFI4:
 260              		.cfi_def_cfa_offset 8
 261              		.cfi_offset 3, -8
 262              		.cfi_offset 14, -4
  80:Core/Src/main.c **** 
 263              		.loc 1 80 3 view .LVU78
 264 0002 FFF7FEFF 		bl	HAL_Init
 265              	.LVL7:
ARM GAS  /tmp/ccxBKfyv.s 			page 14


  87:Core/Src/main.c **** 
 266              		.loc 1 87 3 view .LVU79
 267 0006 FFF7FEFF 		bl	SystemClock_Config
 268              	.LVL8:
  94:Core/Src/main.c ****   MX_DMA_Init();
 269              		.loc 1 94 3 view .LVU80
 270 000a FFF7FEFF 		bl	MX_GPIO_Init
 271              	.LVL9:
  95:Core/Src/main.c ****   MX_I2C1_Init();
 272              		.loc 1 95 3 view .LVU81
 273 000e FFF7FEFF 		bl	MX_DMA_Init
 274              	.LVL10:
  96:Core/Src/main.c ****   MX_SPI1_Init();
 275              		.loc 1 96 3 view .LVU82
 276 0012 FFF7FEFF 		bl	MX_I2C1_Init
 277              	.LVL11:
  97:Core/Src/main.c ****   MX_USART3_UART_Init();
 278              		.loc 1 97 3 view .LVU83
 279 0016 FFF7FEFF 		bl	MX_SPI1_Init
 280              	.LVL12:
  98:Core/Src/main.c ****   MX_USB_DEVICE_Init();
 281              		.loc 1 98 3 view .LVU84
 282 001a FFF7FEFF 		bl	MX_USART3_UART_Init
 283              	.LVL13:
  99:Core/Src/main.c ****   /* USER CODE BEGIN 2 */
 284              		.loc 1 99 3 view .LVU85
 285 001e FFF7FEFF 		bl	MX_USB_DEVICE_Init
 286              	.LVL14:
 287              	.L13:
 106:Core/Src/main.c ****   {
 288              		.loc 1 106 3 discriminator 1 view .LVU86
 110:Core/Src/main.c ****     HAL_GPIO_TogglePin(LD3_GPIO_Port, LD3_Pin);//toggle gpio
 289              		.loc 1 110 5 discriminator 1 view .LVU87
 290 0022 4FF47A70 		mov	r0, #1000
 291 0026 FFF7FEFF 		bl	HAL_Delay
 292              	.LVL15:
 111:Core/Src/main.c ****     HAL_Delay(1000);//delay 1 sec
 293              		.loc 1 111 5 discriminator 1 view .LVU88
 294 002a 084C     		ldr	r4, .L15
 295 002c 4FF48041 		mov	r1, #16384
 296 0030 2046     		mov	r0, r4
 297 0032 FFF7FEFF 		bl	HAL_GPIO_TogglePin
 298              	.LVL16:
 112:Core/Src/main.c ****     HAL_GPIO_TogglePin(LD3_GPIO_Port, LD3_Pin);//toggle gpio
 299              		.loc 1 112 5 discriminator 1 view .LVU89
 300 0036 4FF47A70 		mov	r0, #1000
 301 003a FFF7FEFF 		bl	HAL_Delay
 302              	.LVL17:
 113:Core/Src/main.c ****     
 303              		.loc 1 113 5 discriminator 1 view .LVU90
 304 003e 4FF48041 		mov	r1, #16384
 305 0042 2046     		mov	r0, r4
 306 0044 FFF7FEFF 		bl	HAL_GPIO_TogglePin
 307              	.LVL18:
 106:Core/Src/main.c ****   {
 308              		.loc 1 106 9 discriminator 1 view .LVU91
 309 0048 EBE7     		b	.L13
ARM GAS  /tmp/ccxBKfyv.s 			page 15


 310              	.L16:
 311 004a 00BF     		.align	2
 312              	.L15:
 313 004c 00040258 		.word	1476527104
 314              		.cfi_endproc
 315              	.LFE148:
 317              		.text
 318              	.Letext0:
 319              		.file 3 "/home/jack/ece331/Downloads/arm-gnu-toolchain-12.2.rel1-aarch64-arm-none-eabi/arm-none-ea
 320              		.file 4 "/home/jack/ece331/Downloads/arm-gnu-toolchain-12.2.rel1-aarch64-arm-none-eabi/arm-none-ea
 321              		.file 5 "Drivers/CMSIS/Device/ST/STM32H7xx/Include/stm32h7a3xxq.h"
 322              		.file 6 "Drivers/STM32H7xx_HAL_Driver/Inc/stm32h7xx_hal_def.h"
 323              		.file 7 "Drivers/STM32H7xx_HAL_Driver/Inc/stm32h7xx_hal_rcc.h"
 324              		.file 8 "Drivers/STM32H7xx_HAL_Driver/Inc/stm32h7xx_hal_pwr_ex.h"
 325              		.file 9 "Drivers/STM32H7xx_HAL_Driver/Inc/stm32h7xx_hal_gpio.h"
 326              		.file 10 "Drivers/STM32H7xx_HAL_Driver/Inc/stm32h7xx_hal.h"
 327              		.file 11 "USB_DEVICE/App/usb_device.h"
 328              		.file 12 "Core/Inc/usart.h"
 329              		.file 13 "Core/Inc/spi.h"
 330              		.file 14 "Core/Inc/i2c.h"
 331              		.file 15 "Core/Inc/dma.h"
 332              		.file 16 "Core/Inc/gpio.h"
 333              		.file 17 "<built-in>"
ARM GAS  /tmp/ccxBKfyv.s 			page 16


DEFINED SYMBOLS
                            *ABS*:0000000000000000 main.c
     /tmp/ccxBKfyv.s:20     .text.Error_Handler:0000000000000000 $t
     /tmp/ccxBKfyv.s:26     .text.Error_Handler:0000000000000000 Error_Handler
     /tmp/ccxBKfyv.s:58     .text.SystemClock_Config:0000000000000000 $t
     /tmp/ccxBKfyv.s:64     .text.SystemClock_Config:0000000000000000 SystemClock_Config
     /tmp/ccxBKfyv.s:239    .text.SystemClock_Config:00000000000000b4 $d
     /tmp/ccxBKfyv.s:245    .text.main:0000000000000000 $t
     /tmp/ccxBKfyv.s:251    .text.main:0000000000000000 main
     /tmp/ccxBKfyv.s:313    .text.main:000000000000004c $d

UNDEFINED SYMBOLS
memset
HAL_PWREx_ConfigSupply
HAL_RCC_OscConfig
HAL_RCC_ClockConfig
HAL_Init
MX_GPIO_Init
MX_DMA_Init
MX_I2C1_Init
MX_SPI1_Init
MX_USART3_UART_Init
MX_USB_DEVICE_Init
HAL_Delay
HAL_GPIO_TogglePin
