ARM GAS  /tmp/ccgp6zbD.s 			page 1


   1              		.cpu cortex-m7
   2              		.arch armv7e-m
   3              		.fpu fpv5-d16
   4              		.eabi_attribute 28, 1
   5              		.eabi_attribute 20, 1
   6              		.eabi_attribute 21, 1
   7              		.eabi_attribute 23, 3
   8              		.eabi_attribute 24, 1
   9              		.eabi_attribute 25, 1
  10              		.eabi_attribute 26, 1
  11              		.eabi_attribute 30, 1
  12              		.eabi_attribute 34, 1
  13              		.eabi_attribute 18, 4
  14              		.file	"usbd_cdc_if.c"
  15              		.text
  16              	.Ltext0:
  17              		.cfi_sections	.debug_frame
  18              		.file 1 "USB_DEVICE/App/usbd_cdc_if.c"
  19              		.section	.text.CDC_DeInit_HS,"ax",%progbits
  20              		.align	1
  21              		.syntax unified
  22              		.thumb
  23              		.thumb_func
  25              	CDC_DeInit_HS:
  26              	.LFB149:
   1:USB_DEVICE/App/usbd_cdc_if.c **** /* USER CODE BEGIN Header */
   2:USB_DEVICE/App/usbd_cdc_if.c **** /**
   3:USB_DEVICE/App/usbd_cdc_if.c ****   ******************************************************************************
   4:USB_DEVICE/App/usbd_cdc_if.c ****   * @file           : usbd_cdc_if.c
   5:USB_DEVICE/App/usbd_cdc_if.c ****   * @version        : v1.0_Cube
   6:USB_DEVICE/App/usbd_cdc_if.c ****   * @brief          : Usb device for Virtual Com Port.
   7:USB_DEVICE/App/usbd_cdc_if.c ****   ******************************************************************************
   8:USB_DEVICE/App/usbd_cdc_if.c ****   * @attention
   9:USB_DEVICE/App/usbd_cdc_if.c ****   *
  10:USB_DEVICE/App/usbd_cdc_if.c ****   * Copyright (c) 2023 STMicroelectronics.
  11:USB_DEVICE/App/usbd_cdc_if.c ****   * All rights reserved.
  12:USB_DEVICE/App/usbd_cdc_if.c ****   *
  13:USB_DEVICE/App/usbd_cdc_if.c ****   * This software is licensed under terms that can be found in the LICENSE file
  14:USB_DEVICE/App/usbd_cdc_if.c ****   * in the root directory of this software component.
  15:USB_DEVICE/App/usbd_cdc_if.c ****   * If no LICENSE file comes with this software, it is provided AS-IS.
  16:USB_DEVICE/App/usbd_cdc_if.c ****   *
  17:USB_DEVICE/App/usbd_cdc_if.c ****   ******************************************************************************
  18:USB_DEVICE/App/usbd_cdc_if.c ****   */
  19:USB_DEVICE/App/usbd_cdc_if.c **** /* USER CODE END Header */
  20:USB_DEVICE/App/usbd_cdc_if.c **** 
  21:USB_DEVICE/App/usbd_cdc_if.c **** /* Includes ------------------------------------------------------------------*/
  22:USB_DEVICE/App/usbd_cdc_if.c **** #include "usbd_cdc_if.h"
  23:USB_DEVICE/App/usbd_cdc_if.c **** 
  24:USB_DEVICE/App/usbd_cdc_if.c **** /* USER CODE BEGIN INCLUDE */
  25:USB_DEVICE/App/usbd_cdc_if.c **** 
  26:USB_DEVICE/App/usbd_cdc_if.c **** /* USER CODE END INCLUDE */
  27:USB_DEVICE/App/usbd_cdc_if.c **** 
  28:USB_DEVICE/App/usbd_cdc_if.c **** /* Private typedef -----------------------------------------------------------*/
  29:USB_DEVICE/App/usbd_cdc_if.c **** /* Private define ------------------------------------------------------------*/
  30:USB_DEVICE/App/usbd_cdc_if.c **** /* Private macro -------------------------------------------------------------*/
  31:USB_DEVICE/App/usbd_cdc_if.c **** 
  32:USB_DEVICE/App/usbd_cdc_if.c **** /* USER CODE BEGIN PV */
ARM GAS  /tmp/ccgp6zbD.s 			page 2


  33:USB_DEVICE/App/usbd_cdc_if.c **** /* Private variables ---------------------------------------------------------*/
  34:USB_DEVICE/App/usbd_cdc_if.c **** 
  35:USB_DEVICE/App/usbd_cdc_if.c **** /* USER CODE END PV */
  36:USB_DEVICE/App/usbd_cdc_if.c **** 
  37:USB_DEVICE/App/usbd_cdc_if.c **** /** @addtogroup STM32_USB_OTG_DEVICE_LIBRARY
  38:USB_DEVICE/App/usbd_cdc_if.c ****   * @brief Usb device library.
  39:USB_DEVICE/App/usbd_cdc_if.c ****   * @{
  40:USB_DEVICE/App/usbd_cdc_if.c ****   */
  41:USB_DEVICE/App/usbd_cdc_if.c **** 
  42:USB_DEVICE/App/usbd_cdc_if.c **** /** @addtogroup USBD_CDC_IF
  43:USB_DEVICE/App/usbd_cdc_if.c ****   * @{
  44:USB_DEVICE/App/usbd_cdc_if.c ****   */
  45:USB_DEVICE/App/usbd_cdc_if.c **** 
  46:USB_DEVICE/App/usbd_cdc_if.c **** /** @defgroup USBD_CDC_IF_Private_TypesDefinitions USBD_CDC_IF_Private_TypesDefinitions
  47:USB_DEVICE/App/usbd_cdc_if.c ****   * @brief Private types.
  48:USB_DEVICE/App/usbd_cdc_if.c ****   * @{
  49:USB_DEVICE/App/usbd_cdc_if.c ****   */
  50:USB_DEVICE/App/usbd_cdc_if.c **** 
  51:USB_DEVICE/App/usbd_cdc_if.c **** /* USER CODE BEGIN PRIVATE_TYPES */
  52:USB_DEVICE/App/usbd_cdc_if.c **** 
  53:USB_DEVICE/App/usbd_cdc_if.c **** /* USER CODE END PRIVATE_TYPES */
  54:USB_DEVICE/App/usbd_cdc_if.c **** 
  55:USB_DEVICE/App/usbd_cdc_if.c **** /**
  56:USB_DEVICE/App/usbd_cdc_if.c ****   * @}
  57:USB_DEVICE/App/usbd_cdc_if.c ****   */
  58:USB_DEVICE/App/usbd_cdc_if.c **** 
  59:USB_DEVICE/App/usbd_cdc_if.c **** /** @defgroup USBD_CDC_IF_Private_Defines USBD_CDC_IF_Private_Defines
  60:USB_DEVICE/App/usbd_cdc_if.c ****   * @brief Private defines.
  61:USB_DEVICE/App/usbd_cdc_if.c ****   * @{
  62:USB_DEVICE/App/usbd_cdc_if.c ****   */
  63:USB_DEVICE/App/usbd_cdc_if.c **** 
  64:USB_DEVICE/App/usbd_cdc_if.c **** /* USER CODE BEGIN PRIVATE_DEFINES */
  65:USB_DEVICE/App/usbd_cdc_if.c **** /* USER CODE END PRIVATE_DEFINES */
  66:USB_DEVICE/App/usbd_cdc_if.c **** 
  67:USB_DEVICE/App/usbd_cdc_if.c **** /**
  68:USB_DEVICE/App/usbd_cdc_if.c ****   * @}
  69:USB_DEVICE/App/usbd_cdc_if.c ****   */
  70:USB_DEVICE/App/usbd_cdc_if.c **** 
  71:USB_DEVICE/App/usbd_cdc_if.c **** /** @defgroup USBD_CDC_IF_Private_Macros USBD_CDC_IF_Private_Macros
  72:USB_DEVICE/App/usbd_cdc_if.c ****   * @brief Private macros.
  73:USB_DEVICE/App/usbd_cdc_if.c ****   * @{
  74:USB_DEVICE/App/usbd_cdc_if.c ****   */
  75:USB_DEVICE/App/usbd_cdc_if.c **** 
  76:USB_DEVICE/App/usbd_cdc_if.c **** /* USER CODE BEGIN PRIVATE_MACRO */
  77:USB_DEVICE/App/usbd_cdc_if.c **** 
  78:USB_DEVICE/App/usbd_cdc_if.c **** /* USER CODE END PRIVATE_MACRO */
  79:USB_DEVICE/App/usbd_cdc_if.c **** 
  80:USB_DEVICE/App/usbd_cdc_if.c **** /**
  81:USB_DEVICE/App/usbd_cdc_if.c ****   * @}
  82:USB_DEVICE/App/usbd_cdc_if.c ****   */
  83:USB_DEVICE/App/usbd_cdc_if.c **** 
  84:USB_DEVICE/App/usbd_cdc_if.c **** /** @defgroup USBD_CDC_IF_Private_Variables USBD_CDC_IF_Private_Variables
  85:USB_DEVICE/App/usbd_cdc_if.c ****   * @brief Private variables.
  86:USB_DEVICE/App/usbd_cdc_if.c ****   * @{
  87:USB_DEVICE/App/usbd_cdc_if.c ****   */
  88:USB_DEVICE/App/usbd_cdc_if.c **** 
  89:USB_DEVICE/App/usbd_cdc_if.c **** /* Create buffer for reception and transmission           */
ARM GAS  /tmp/ccgp6zbD.s 			page 3


  90:USB_DEVICE/App/usbd_cdc_if.c **** /* It's up to user to redefine and/or remove those define */
  91:USB_DEVICE/App/usbd_cdc_if.c **** /** Received data over USB are stored in this buffer      */
  92:USB_DEVICE/App/usbd_cdc_if.c **** uint8_t UserRxBufferHS[APP_RX_DATA_SIZE];
  93:USB_DEVICE/App/usbd_cdc_if.c **** 
  94:USB_DEVICE/App/usbd_cdc_if.c **** /** Data to send over USB CDC are stored in this buffer   */
  95:USB_DEVICE/App/usbd_cdc_if.c **** uint8_t UserTxBufferHS[APP_TX_DATA_SIZE];
  96:USB_DEVICE/App/usbd_cdc_if.c **** 
  97:USB_DEVICE/App/usbd_cdc_if.c **** /* USER CODE BEGIN PRIVATE_VARIABLES */
  98:USB_DEVICE/App/usbd_cdc_if.c **** 
  99:USB_DEVICE/App/usbd_cdc_if.c **** /* USER CODE END PRIVATE_VARIABLES */
 100:USB_DEVICE/App/usbd_cdc_if.c **** 
 101:USB_DEVICE/App/usbd_cdc_if.c **** /**
 102:USB_DEVICE/App/usbd_cdc_if.c ****   * @}
 103:USB_DEVICE/App/usbd_cdc_if.c ****   */
 104:USB_DEVICE/App/usbd_cdc_if.c **** 
 105:USB_DEVICE/App/usbd_cdc_if.c **** /** @defgroup USBD_CDC_IF_Exported_Variables USBD_CDC_IF_Exported_Variables
 106:USB_DEVICE/App/usbd_cdc_if.c ****   * @brief Public variables.
 107:USB_DEVICE/App/usbd_cdc_if.c ****   * @{
 108:USB_DEVICE/App/usbd_cdc_if.c ****   */
 109:USB_DEVICE/App/usbd_cdc_if.c **** 
 110:USB_DEVICE/App/usbd_cdc_if.c **** extern USBD_HandleTypeDef hUsbDeviceHS;
 111:USB_DEVICE/App/usbd_cdc_if.c **** 
 112:USB_DEVICE/App/usbd_cdc_if.c **** /* USER CODE BEGIN EXPORTED_VARIABLES */
 113:USB_DEVICE/App/usbd_cdc_if.c **** 
 114:USB_DEVICE/App/usbd_cdc_if.c **** /* USER CODE END EXPORTED_VARIABLES */
 115:USB_DEVICE/App/usbd_cdc_if.c **** 
 116:USB_DEVICE/App/usbd_cdc_if.c **** /**
 117:USB_DEVICE/App/usbd_cdc_if.c ****   * @}
 118:USB_DEVICE/App/usbd_cdc_if.c ****   */
 119:USB_DEVICE/App/usbd_cdc_if.c **** 
 120:USB_DEVICE/App/usbd_cdc_if.c **** /** @defgroup USBD_CDC_IF_Private_FunctionPrototypes USBD_CDC_IF_Private_FunctionPrototypes
 121:USB_DEVICE/App/usbd_cdc_if.c ****   * @brief Private functions declaration.
 122:USB_DEVICE/App/usbd_cdc_if.c ****   * @{
 123:USB_DEVICE/App/usbd_cdc_if.c ****   */
 124:USB_DEVICE/App/usbd_cdc_if.c **** 
 125:USB_DEVICE/App/usbd_cdc_if.c **** static int8_t CDC_Init_HS(void);
 126:USB_DEVICE/App/usbd_cdc_if.c **** static int8_t CDC_DeInit_HS(void);
 127:USB_DEVICE/App/usbd_cdc_if.c **** static int8_t CDC_Control_HS(uint8_t cmd, uint8_t* pbuf, uint16_t length);
 128:USB_DEVICE/App/usbd_cdc_if.c **** static int8_t CDC_Receive_HS(uint8_t* pbuf, uint32_t *Len);
 129:USB_DEVICE/App/usbd_cdc_if.c **** static int8_t CDC_TransmitCplt_HS(uint8_t *pbuf, uint32_t *Len, uint8_t epnum);
 130:USB_DEVICE/App/usbd_cdc_if.c **** 
 131:USB_DEVICE/App/usbd_cdc_if.c **** /* USER CODE BEGIN PRIVATE_FUNCTIONS_DECLARATION */
 132:USB_DEVICE/App/usbd_cdc_if.c **** 
 133:USB_DEVICE/App/usbd_cdc_if.c **** /* USER CODE END PRIVATE_FUNCTIONS_DECLARATION */
 134:USB_DEVICE/App/usbd_cdc_if.c **** 
 135:USB_DEVICE/App/usbd_cdc_if.c **** /**
 136:USB_DEVICE/App/usbd_cdc_if.c ****   * @}
 137:USB_DEVICE/App/usbd_cdc_if.c ****   */
 138:USB_DEVICE/App/usbd_cdc_if.c **** 
 139:USB_DEVICE/App/usbd_cdc_if.c **** USBD_CDC_ItfTypeDef USBD_Interface_fops_HS =
 140:USB_DEVICE/App/usbd_cdc_if.c **** {
 141:USB_DEVICE/App/usbd_cdc_if.c ****   CDC_Init_HS,
 142:USB_DEVICE/App/usbd_cdc_if.c ****   CDC_DeInit_HS,
 143:USB_DEVICE/App/usbd_cdc_if.c ****   CDC_Control_HS,
 144:USB_DEVICE/App/usbd_cdc_if.c ****   CDC_Receive_HS,
 145:USB_DEVICE/App/usbd_cdc_if.c ****   CDC_TransmitCplt_HS
 146:USB_DEVICE/App/usbd_cdc_if.c **** };
ARM GAS  /tmp/ccgp6zbD.s 			page 4


 147:USB_DEVICE/App/usbd_cdc_if.c **** 
 148:USB_DEVICE/App/usbd_cdc_if.c **** /* Private functions ---------------------------------------------------------*/
 149:USB_DEVICE/App/usbd_cdc_if.c **** 
 150:USB_DEVICE/App/usbd_cdc_if.c **** /**
 151:USB_DEVICE/App/usbd_cdc_if.c ****   * @brief  Initializes the CDC media low layer over the USB HS IP
 152:USB_DEVICE/App/usbd_cdc_if.c ****   * @retval USBD_OK if all operations are OK else USBD_FAIL
 153:USB_DEVICE/App/usbd_cdc_if.c ****   */
 154:USB_DEVICE/App/usbd_cdc_if.c **** static int8_t CDC_Init_HS(void)
 155:USB_DEVICE/App/usbd_cdc_if.c **** {
 156:USB_DEVICE/App/usbd_cdc_if.c ****   /* USER CODE BEGIN 8 */
 157:USB_DEVICE/App/usbd_cdc_if.c ****   /* Set Application Buffers */
 158:USB_DEVICE/App/usbd_cdc_if.c ****   USBD_CDC_SetTxBuffer(&hUsbDeviceHS, UserTxBufferHS, 0);
 159:USB_DEVICE/App/usbd_cdc_if.c ****   USBD_CDC_SetRxBuffer(&hUsbDeviceHS, UserRxBufferHS);
 160:USB_DEVICE/App/usbd_cdc_if.c ****   return (USBD_OK);
 161:USB_DEVICE/App/usbd_cdc_if.c ****   /* USER CODE END 8 */
 162:USB_DEVICE/App/usbd_cdc_if.c **** }
 163:USB_DEVICE/App/usbd_cdc_if.c **** 
 164:USB_DEVICE/App/usbd_cdc_if.c **** /**
 165:USB_DEVICE/App/usbd_cdc_if.c ****   * @brief  DeInitializes the CDC media low layer
 166:USB_DEVICE/App/usbd_cdc_if.c ****   * @param  None
 167:USB_DEVICE/App/usbd_cdc_if.c ****   * @retval USBD_OK if all operations are OK else USBD_FAIL
 168:USB_DEVICE/App/usbd_cdc_if.c ****   */
 169:USB_DEVICE/App/usbd_cdc_if.c **** static int8_t CDC_DeInit_HS(void)
 170:USB_DEVICE/App/usbd_cdc_if.c **** {
  27              		.loc 1 170 1 view -0
  28              		.cfi_startproc
  29              		@ args = 0, pretend = 0, frame = 0
  30              		@ frame_needed = 0, uses_anonymous_args = 0
  31              		@ link register save eliminated.
 171:USB_DEVICE/App/usbd_cdc_if.c ****   /* USER CODE BEGIN 9 */
 172:USB_DEVICE/App/usbd_cdc_if.c ****   return (USBD_OK);
  32              		.loc 1 172 3 view .LVU1
 173:USB_DEVICE/App/usbd_cdc_if.c ****   /* USER CODE END 9 */
 174:USB_DEVICE/App/usbd_cdc_if.c **** }
  33              		.loc 1 174 1 is_stmt 0 view .LVU2
  34 0000 0020     		movs	r0, #0
  35 0002 7047     		bx	lr
  36              		.cfi_endproc
  37              	.LFE149:
  39              		.section	.text.CDC_Control_HS,"ax",%progbits
  40              		.align	1
  41              		.syntax unified
  42              		.thumb
  43              		.thumb_func
  45              	CDC_Control_HS:
  46              	.LVL0:
  47              	.LFB150:
 175:USB_DEVICE/App/usbd_cdc_if.c **** 
 176:USB_DEVICE/App/usbd_cdc_if.c **** /**
 177:USB_DEVICE/App/usbd_cdc_if.c ****   * @brief  Manage the CDC class requests
 178:USB_DEVICE/App/usbd_cdc_if.c ****   * @param  cmd: Command code
 179:USB_DEVICE/App/usbd_cdc_if.c ****   * @param  pbuf: Buffer containing command data (request parameters)
 180:USB_DEVICE/App/usbd_cdc_if.c ****   * @param  length: Number of data to be sent (in bytes)
 181:USB_DEVICE/App/usbd_cdc_if.c ****   * @retval Result of the operation: USBD_OK if all operations are OK else USBD_FAIL
 182:USB_DEVICE/App/usbd_cdc_if.c ****   */
 183:USB_DEVICE/App/usbd_cdc_if.c **** static int8_t CDC_Control_HS(uint8_t cmd, uint8_t* pbuf, uint16_t length)
 184:USB_DEVICE/App/usbd_cdc_if.c **** {
ARM GAS  /tmp/ccgp6zbD.s 			page 5


  48              		.loc 1 184 1 is_stmt 1 view -0
  49              		.cfi_startproc
  50              		@ args = 0, pretend = 0, frame = 0
  51              		@ frame_needed = 0, uses_anonymous_args = 0
  52              		@ link register save eliminated.
 185:USB_DEVICE/App/usbd_cdc_if.c ****   /* USER CODE BEGIN 10 */
 186:USB_DEVICE/App/usbd_cdc_if.c ****   switch(cmd)
  53              		.loc 1 186 3 view .LVU4
 187:USB_DEVICE/App/usbd_cdc_if.c ****   {
 188:USB_DEVICE/App/usbd_cdc_if.c ****   case CDC_SEND_ENCAPSULATED_COMMAND:
 189:USB_DEVICE/App/usbd_cdc_if.c **** 
 190:USB_DEVICE/App/usbd_cdc_if.c ****     break;
 191:USB_DEVICE/App/usbd_cdc_if.c **** 
 192:USB_DEVICE/App/usbd_cdc_if.c ****   case CDC_GET_ENCAPSULATED_RESPONSE:
 193:USB_DEVICE/App/usbd_cdc_if.c **** 
 194:USB_DEVICE/App/usbd_cdc_if.c ****     break;
 195:USB_DEVICE/App/usbd_cdc_if.c **** 
 196:USB_DEVICE/App/usbd_cdc_if.c ****   case CDC_SET_COMM_FEATURE:
 197:USB_DEVICE/App/usbd_cdc_if.c **** 
 198:USB_DEVICE/App/usbd_cdc_if.c ****     break;
 199:USB_DEVICE/App/usbd_cdc_if.c **** 
 200:USB_DEVICE/App/usbd_cdc_if.c ****   case CDC_GET_COMM_FEATURE:
 201:USB_DEVICE/App/usbd_cdc_if.c **** 
 202:USB_DEVICE/App/usbd_cdc_if.c ****     break;
 203:USB_DEVICE/App/usbd_cdc_if.c **** 
 204:USB_DEVICE/App/usbd_cdc_if.c ****   case CDC_CLEAR_COMM_FEATURE:
 205:USB_DEVICE/App/usbd_cdc_if.c **** 
 206:USB_DEVICE/App/usbd_cdc_if.c ****     break;
 207:USB_DEVICE/App/usbd_cdc_if.c **** 
 208:USB_DEVICE/App/usbd_cdc_if.c ****   /*******************************************************************************/
 209:USB_DEVICE/App/usbd_cdc_if.c ****   /* Line Coding Structure                                                       */
 210:USB_DEVICE/App/usbd_cdc_if.c ****   /*-----------------------------------------------------------------------------*/
 211:USB_DEVICE/App/usbd_cdc_if.c ****   /* Offset | Field       | Size | Value  | Description                          */
 212:USB_DEVICE/App/usbd_cdc_if.c ****   /* 0      | dwDTERate   |   4  | Number |Data terminal rate, in bits per second*/
 213:USB_DEVICE/App/usbd_cdc_if.c ****   /* 4      | bCharFormat |   1  | Number | Stop bits                            */
 214:USB_DEVICE/App/usbd_cdc_if.c ****   /*                                        0 - 1 Stop bit                       */
 215:USB_DEVICE/App/usbd_cdc_if.c ****   /*                                        1 - 1.5 Stop bits                    */
 216:USB_DEVICE/App/usbd_cdc_if.c ****   /*                                        2 - 2 Stop bits                      */
 217:USB_DEVICE/App/usbd_cdc_if.c ****   /* 5      | bParityType |  1   | Number | Parity                               */
 218:USB_DEVICE/App/usbd_cdc_if.c ****   /*                                        0 - None                             */
 219:USB_DEVICE/App/usbd_cdc_if.c ****   /*                                        1 - Odd                              */
 220:USB_DEVICE/App/usbd_cdc_if.c ****   /*                                        2 - Even                             */
 221:USB_DEVICE/App/usbd_cdc_if.c ****   /*                                        3 - Mark                             */
 222:USB_DEVICE/App/usbd_cdc_if.c ****   /*                                        4 - Space                            */
 223:USB_DEVICE/App/usbd_cdc_if.c ****   /* 6      | bDataBits  |   1   | Number Data bits (5, 6, 7, 8 or 16).          */
 224:USB_DEVICE/App/usbd_cdc_if.c ****   /*******************************************************************************/
 225:USB_DEVICE/App/usbd_cdc_if.c ****   case CDC_SET_LINE_CODING:
 226:USB_DEVICE/App/usbd_cdc_if.c **** 
 227:USB_DEVICE/App/usbd_cdc_if.c ****     break;
 228:USB_DEVICE/App/usbd_cdc_if.c **** 
 229:USB_DEVICE/App/usbd_cdc_if.c ****   case CDC_GET_LINE_CODING:
 230:USB_DEVICE/App/usbd_cdc_if.c **** 
 231:USB_DEVICE/App/usbd_cdc_if.c ****     break;
 232:USB_DEVICE/App/usbd_cdc_if.c **** 
 233:USB_DEVICE/App/usbd_cdc_if.c ****   case CDC_SET_CONTROL_LINE_STATE:
 234:USB_DEVICE/App/usbd_cdc_if.c **** 
 235:USB_DEVICE/App/usbd_cdc_if.c ****     break;
ARM GAS  /tmp/ccgp6zbD.s 			page 6


 236:USB_DEVICE/App/usbd_cdc_if.c **** 
 237:USB_DEVICE/App/usbd_cdc_if.c ****   case CDC_SEND_BREAK:
 238:USB_DEVICE/App/usbd_cdc_if.c **** 
 239:USB_DEVICE/App/usbd_cdc_if.c ****     break;
 240:USB_DEVICE/App/usbd_cdc_if.c **** 
 241:USB_DEVICE/App/usbd_cdc_if.c ****   default:
 242:USB_DEVICE/App/usbd_cdc_if.c ****     break;
 243:USB_DEVICE/App/usbd_cdc_if.c ****   }
 244:USB_DEVICE/App/usbd_cdc_if.c **** 
 245:USB_DEVICE/App/usbd_cdc_if.c ****   return (USBD_OK);
  54              		.loc 1 245 3 view .LVU5
 246:USB_DEVICE/App/usbd_cdc_if.c ****   /* USER CODE END 10 */
 247:USB_DEVICE/App/usbd_cdc_if.c **** }
  55              		.loc 1 247 1 is_stmt 0 view .LVU6
  56 0000 0020     		movs	r0, #0
  57              	.LVL1:
  58              		.loc 1 247 1 view .LVU7
  59 0002 7047     		bx	lr
  60              		.cfi_endproc
  61              	.LFE150:
  63              		.section	.text.CDC_TransmitCplt_HS,"ax",%progbits
  64              		.align	1
  65              		.syntax unified
  66              		.thumb
  67              		.thumb_func
  69              	CDC_TransmitCplt_HS:
  70              	.LVL2:
  71              	.LFB153:
 248:USB_DEVICE/App/usbd_cdc_if.c **** 
 249:USB_DEVICE/App/usbd_cdc_if.c **** /**
 250:USB_DEVICE/App/usbd_cdc_if.c ****   * @brief Data received over USB OUT endpoint are sent over CDC interface
 251:USB_DEVICE/App/usbd_cdc_if.c ****   *         through this function.
 252:USB_DEVICE/App/usbd_cdc_if.c ****   *
 253:USB_DEVICE/App/usbd_cdc_if.c ****   *         @note
 254:USB_DEVICE/App/usbd_cdc_if.c ****   *         This function will issue a NAK packet on any OUT packet received on
 255:USB_DEVICE/App/usbd_cdc_if.c ****   *         USB endpoint until exiting this function. If you exit this function
 256:USB_DEVICE/App/usbd_cdc_if.c ****   *         before transfer is complete on CDC interface (ie. using DMA controller)
 257:USB_DEVICE/App/usbd_cdc_if.c ****   *         it will result in receiving more data while previous ones are still
 258:USB_DEVICE/App/usbd_cdc_if.c ****   *         not sent.
 259:USB_DEVICE/App/usbd_cdc_if.c ****   *
 260:USB_DEVICE/App/usbd_cdc_if.c ****   * @param  Buf: Buffer of data to be received
 261:USB_DEVICE/App/usbd_cdc_if.c ****   * @param  Len: Number of data received (in bytes)
 262:USB_DEVICE/App/usbd_cdc_if.c ****   * @retval Result of the operation: USBD_OK if all operations are OK else USBD_FAILL
 263:USB_DEVICE/App/usbd_cdc_if.c ****   */
 264:USB_DEVICE/App/usbd_cdc_if.c **** static int8_t CDC_Receive_HS(uint8_t* Buf, uint32_t *Len)
 265:USB_DEVICE/App/usbd_cdc_if.c **** {
 266:USB_DEVICE/App/usbd_cdc_if.c ****   /* USER CODE BEGIN 11 */
 267:USB_DEVICE/App/usbd_cdc_if.c ****   USBD_CDC_SetRxBuffer(&hUsbDeviceHS, &Buf[0]);
 268:USB_DEVICE/App/usbd_cdc_if.c ****   USBD_CDC_ReceivePacket(&hUsbDeviceHS);
 269:USB_DEVICE/App/usbd_cdc_if.c ****   return (USBD_OK);
 270:USB_DEVICE/App/usbd_cdc_if.c ****   /* USER CODE END 11 */
 271:USB_DEVICE/App/usbd_cdc_if.c **** }
 272:USB_DEVICE/App/usbd_cdc_if.c **** 
 273:USB_DEVICE/App/usbd_cdc_if.c **** /**
 274:USB_DEVICE/App/usbd_cdc_if.c ****   * @brief  Data to send over USB IN endpoint are sent over CDC interface
 275:USB_DEVICE/App/usbd_cdc_if.c ****   *         through this function.
 276:USB_DEVICE/App/usbd_cdc_if.c ****   * @param  Buf: Buffer of data to be sent
ARM GAS  /tmp/ccgp6zbD.s 			page 7


 277:USB_DEVICE/App/usbd_cdc_if.c ****   * @param  Len: Number of data to be sent (in bytes)
 278:USB_DEVICE/App/usbd_cdc_if.c ****   * @retval Result of the operation: USBD_OK if all operations are OK else USBD_FAIL or USBD_BUSY
 279:USB_DEVICE/App/usbd_cdc_if.c ****   */
 280:USB_DEVICE/App/usbd_cdc_if.c **** uint8_t CDC_Transmit_HS(uint8_t* Buf, uint16_t Len)
 281:USB_DEVICE/App/usbd_cdc_if.c **** {
 282:USB_DEVICE/App/usbd_cdc_if.c ****   uint8_t result = USBD_OK;
 283:USB_DEVICE/App/usbd_cdc_if.c ****   /* USER CODE BEGIN 12 */
 284:USB_DEVICE/App/usbd_cdc_if.c ****   USBD_CDC_HandleTypeDef *hcdc = (USBD_CDC_HandleTypeDef*)hUsbDeviceHS.pClassData;
 285:USB_DEVICE/App/usbd_cdc_if.c ****   if (hcdc->TxState != 0){
 286:USB_DEVICE/App/usbd_cdc_if.c ****     return USBD_BUSY;
 287:USB_DEVICE/App/usbd_cdc_if.c ****   }
 288:USB_DEVICE/App/usbd_cdc_if.c ****   USBD_CDC_SetTxBuffer(&hUsbDeviceHS, Buf, Len);
 289:USB_DEVICE/App/usbd_cdc_if.c ****   result = USBD_CDC_TransmitPacket(&hUsbDeviceHS);
 290:USB_DEVICE/App/usbd_cdc_if.c ****   /* USER CODE END 12 */
 291:USB_DEVICE/App/usbd_cdc_if.c ****   return result;
 292:USB_DEVICE/App/usbd_cdc_if.c **** }
 293:USB_DEVICE/App/usbd_cdc_if.c **** 
 294:USB_DEVICE/App/usbd_cdc_if.c **** /**
 295:USB_DEVICE/App/usbd_cdc_if.c ****   * @brief  CDC_TransmitCplt_HS
 296:USB_DEVICE/App/usbd_cdc_if.c ****   *         Data transmitted callback
 297:USB_DEVICE/App/usbd_cdc_if.c ****   *
 298:USB_DEVICE/App/usbd_cdc_if.c ****   *         @note
 299:USB_DEVICE/App/usbd_cdc_if.c ****   *         This function is IN transfer complete callback used to inform user that
 300:USB_DEVICE/App/usbd_cdc_if.c ****   *         the submitted Data is successfully sent over USB.
 301:USB_DEVICE/App/usbd_cdc_if.c ****   *
 302:USB_DEVICE/App/usbd_cdc_if.c ****   * @param  Buf: Buffer of data to be received
 303:USB_DEVICE/App/usbd_cdc_if.c ****   * @param  Len: Number of data received (in bytes)
 304:USB_DEVICE/App/usbd_cdc_if.c ****   * @retval Result of the operation: USBD_OK if all operations are OK else USBD_FAIL
 305:USB_DEVICE/App/usbd_cdc_if.c ****   */
 306:USB_DEVICE/App/usbd_cdc_if.c **** static int8_t CDC_TransmitCplt_HS(uint8_t *Buf, uint32_t *Len, uint8_t epnum)
 307:USB_DEVICE/App/usbd_cdc_if.c **** {
  72              		.loc 1 307 1 is_stmt 1 view -0
  73              		.cfi_startproc
  74              		@ args = 0, pretend = 0, frame = 0
  75              		@ frame_needed = 0, uses_anonymous_args = 0
  76              		@ link register save eliminated.
 308:USB_DEVICE/App/usbd_cdc_if.c ****   uint8_t result = USBD_OK;
  77              		.loc 1 308 3 view .LVU9
 309:USB_DEVICE/App/usbd_cdc_if.c ****   /* USER CODE BEGIN 14 */
 310:USB_DEVICE/App/usbd_cdc_if.c ****   UNUSED(Buf);
  78              		.loc 1 310 3 view .LVU10
 311:USB_DEVICE/App/usbd_cdc_if.c ****   UNUSED(Len);
  79              		.loc 1 311 3 view .LVU11
 312:USB_DEVICE/App/usbd_cdc_if.c ****   UNUSED(epnum);
  80              		.loc 1 312 3 view .LVU12
 313:USB_DEVICE/App/usbd_cdc_if.c ****   /* USER CODE END 14 */
 314:USB_DEVICE/App/usbd_cdc_if.c ****   return result;
  81              		.loc 1 314 3 view .LVU13
 315:USB_DEVICE/App/usbd_cdc_if.c **** }
  82              		.loc 1 315 1 is_stmt 0 view .LVU14
  83 0000 0020     		movs	r0, #0
  84              	.LVL3:
  85              		.loc 1 315 1 view .LVU15
  86 0002 7047     		bx	lr
  87              		.cfi_endproc
  88              	.LFE153:
  90              		.section	.text.CDC_Receive_HS,"ax",%progbits
ARM GAS  /tmp/ccgp6zbD.s 			page 8


  91              		.align	1
  92              		.syntax unified
  93              		.thumb
  94              		.thumb_func
  96              	CDC_Receive_HS:
  97              	.LVL4:
  98              	.LFB151:
 265:USB_DEVICE/App/usbd_cdc_if.c ****   /* USER CODE BEGIN 11 */
  99              		.loc 1 265 1 is_stmt 1 view -0
 100              		.cfi_startproc
 101              		@ args = 0, pretend = 0, frame = 0
 102              		@ frame_needed = 0, uses_anonymous_args = 0
 265:USB_DEVICE/App/usbd_cdc_if.c ****   /* USER CODE BEGIN 11 */
 103              		.loc 1 265 1 is_stmt 0 view .LVU17
 104 0000 10B5     		push	{r4, lr}
 105              	.LCFI0:
 106              		.cfi_def_cfa_offset 8
 107              		.cfi_offset 4, -8
 108              		.cfi_offset 14, -4
 109 0002 0146     		mov	r1, r0
 110              	.LVL5:
 267:USB_DEVICE/App/usbd_cdc_if.c ****   USBD_CDC_ReceivePacket(&hUsbDeviceHS);
 111              		.loc 1 267 3 is_stmt 1 view .LVU18
 112 0004 044C     		ldr	r4, .L6
 113 0006 2046     		mov	r0, r4
 114              	.LVL6:
 267:USB_DEVICE/App/usbd_cdc_if.c ****   USBD_CDC_ReceivePacket(&hUsbDeviceHS);
 115              		.loc 1 267 3 is_stmt 0 view .LVU19
 116 0008 FFF7FEFF 		bl	USBD_CDC_SetRxBuffer
 117              	.LVL7:
 268:USB_DEVICE/App/usbd_cdc_if.c ****   return (USBD_OK);
 118              		.loc 1 268 3 is_stmt 1 view .LVU20
 119 000c 2046     		mov	r0, r4
 120 000e FFF7FEFF 		bl	USBD_CDC_ReceivePacket
 121              	.LVL8:
 269:USB_DEVICE/App/usbd_cdc_if.c ****   /* USER CODE END 11 */
 122              		.loc 1 269 3 view .LVU21
 271:USB_DEVICE/App/usbd_cdc_if.c **** 
 123              		.loc 1 271 1 is_stmt 0 view .LVU22
 124 0012 0020     		movs	r0, #0
 125 0014 10BD     		pop	{r4, pc}
 126              	.L7:
 127 0016 00BF     		.align	2
 128              	.L6:
 129 0018 00000000 		.word	hUsbDeviceHS
 130              		.cfi_endproc
 131              	.LFE151:
 133              		.section	.text.CDC_Init_HS,"ax",%progbits
 134              		.align	1
 135              		.syntax unified
 136              		.thumb
 137              		.thumb_func
 139              	CDC_Init_HS:
 140              	.LFB148:
 155:USB_DEVICE/App/usbd_cdc_if.c ****   /* USER CODE BEGIN 8 */
 141              		.loc 1 155 1 is_stmt 1 view -0
 142              		.cfi_startproc
ARM GAS  /tmp/ccgp6zbD.s 			page 9


 143              		@ args = 0, pretend = 0, frame = 0
 144              		@ frame_needed = 0, uses_anonymous_args = 0
 145 0000 10B5     		push	{r4, lr}
 146              	.LCFI1:
 147              		.cfi_def_cfa_offset 8
 148              		.cfi_offset 4, -8
 149              		.cfi_offset 14, -4
 158:USB_DEVICE/App/usbd_cdc_if.c ****   USBD_CDC_SetRxBuffer(&hUsbDeviceHS, UserRxBufferHS);
 150              		.loc 1 158 3 view .LVU24
 151 0002 064C     		ldr	r4, .L10
 152 0004 0022     		movs	r2, #0
 153 0006 0649     		ldr	r1, .L10+4
 154 0008 2046     		mov	r0, r4
 155 000a FFF7FEFF 		bl	USBD_CDC_SetTxBuffer
 156              	.LVL9:
 159:USB_DEVICE/App/usbd_cdc_if.c ****   return (USBD_OK);
 157              		.loc 1 159 3 view .LVU25
 158 000e 0549     		ldr	r1, .L10+8
 159 0010 2046     		mov	r0, r4
 160 0012 FFF7FEFF 		bl	USBD_CDC_SetRxBuffer
 161              	.LVL10:
 160:USB_DEVICE/App/usbd_cdc_if.c ****   /* USER CODE END 8 */
 162              		.loc 1 160 3 view .LVU26
 162:USB_DEVICE/App/usbd_cdc_if.c **** 
 163              		.loc 1 162 1 is_stmt 0 view .LVU27
 164 0016 0020     		movs	r0, #0
 165 0018 10BD     		pop	{r4, pc}
 166              	.L11:
 167 001a 00BF     		.align	2
 168              	.L10:
 169 001c 00000000 		.word	hUsbDeviceHS
 170 0020 00000000 		.word	UserTxBufferHS
 171 0024 00000000 		.word	UserRxBufferHS
 172              		.cfi_endproc
 173              	.LFE148:
 175              		.section	.text.CDC_Transmit_HS,"ax",%progbits
 176              		.align	1
 177              		.global	CDC_Transmit_HS
 178              		.syntax unified
 179              		.thumb
 180              		.thumb_func
 182              	CDC_Transmit_HS:
 183              	.LVL11:
 184              	.LFB152:
 281:USB_DEVICE/App/usbd_cdc_if.c ****   uint8_t result = USBD_OK;
 185              		.loc 1 281 1 is_stmt 1 view -0
 186              		.cfi_startproc
 187              		@ args = 0, pretend = 0, frame = 0
 188              		@ frame_needed = 0, uses_anonymous_args = 0
 282:USB_DEVICE/App/usbd_cdc_if.c ****   /* USER CODE BEGIN 12 */
 189              		.loc 1 282 3 view .LVU29
 284:USB_DEVICE/App/usbd_cdc_if.c ****   if (hcdc->TxState != 0){
 190              		.loc 1 284 3 view .LVU30
 284:USB_DEVICE/App/usbd_cdc_if.c ****   if (hcdc->TxState != 0){
 191              		.loc 1 284 27 is_stmt 0 view .LVU31
 192 0000 094B     		ldr	r3, .L20
 193 0002 D3F8BC32 		ldr	r3, [r3, #700]
ARM GAS  /tmp/ccgp6zbD.s 			page 10


 194              	.LVL12:
 285:USB_DEVICE/App/usbd_cdc_if.c ****     return USBD_BUSY;
 195              		.loc 1 285 3 is_stmt 1 view .LVU32
 285:USB_DEVICE/App/usbd_cdc_if.c ****     return USBD_BUSY;
 196              		.loc 1 285 11 is_stmt 0 view .LVU33
 197 0006 D3F81432 		ldr	r3, [r3, #532]
 198              	.LVL13:
 285:USB_DEVICE/App/usbd_cdc_if.c ****     return USBD_BUSY;
 199              		.loc 1 285 6 view .LVU34
 200 000a 0BB1     		cbz	r3, .L19
 286:USB_DEVICE/App/usbd_cdc_if.c ****   }
 201              		.loc 1 286 12 view .LVU35
 202 000c 0120     		movs	r0, #1
 203              	.LVL14:
 292:USB_DEVICE/App/usbd_cdc_if.c **** 
 204              		.loc 1 292 1 view .LVU36
 205 000e 7047     		bx	lr
 206              	.LVL15:
 207              	.L19:
 281:USB_DEVICE/App/usbd_cdc_if.c ****   uint8_t result = USBD_OK;
 208              		.loc 1 281 1 view .LVU37
 209 0010 10B5     		push	{r4, lr}
 210              	.LCFI2:
 211              		.cfi_def_cfa_offset 8
 212              		.cfi_offset 4, -8
 213              		.cfi_offset 14, -4
 288:USB_DEVICE/App/usbd_cdc_if.c ****   result = USBD_CDC_TransmitPacket(&hUsbDeviceHS);
 214              		.loc 1 288 3 is_stmt 1 view .LVU38
 215 0012 054C     		ldr	r4, .L20
 216              	.LVL16:
 288:USB_DEVICE/App/usbd_cdc_if.c ****   result = USBD_CDC_TransmitPacket(&hUsbDeviceHS);
 217              		.loc 1 288 3 is_stmt 0 view .LVU39
 218 0014 0A46     		mov	r2, r1
 219 0016 0146     		mov	r1, r0
 220              	.LVL17:
 288:USB_DEVICE/App/usbd_cdc_if.c ****   result = USBD_CDC_TransmitPacket(&hUsbDeviceHS);
 221              		.loc 1 288 3 view .LVU40
 222 0018 2046     		mov	r0, r4
 223              	.LVL18:
 288:USB_DEVICE/App/usbd_cdc_if.c ****   result = USBD_CDC_TransmitPacket(&hUsbDeviceHS);
 224              		.loc 1 288 3 view .LVU41
 225 001a FFF7FEFF 		bl	USBD_CDC_SetTxBuffer
 226              	.LVL19:
 289:USB_DEVICE/App/usbd_cdc_if.c ****   /* USER CODE END 12 */
 227              		.loc 1 289 3 is_stmt 1 view .LVU42
 289:USB_DEVICE/App/usbd_cdc_if.c ****   /* USER CODE END 12 */
 228              		.loc 1 289 12 is_stmt 0 view .LVU43
 229 001e 2046     		mov	r0, r4
 230 0020 FFF7FEFF 		bl	USBD_CDC_TransmitPacket
 231              	.LVL20:
 291:USB_DEVICE/App/usbd_cdc_if.c **** }
 232              		.loc 1 291 3 is_stmt 1 view .LVU44
 292:USB_DEVICE/App/usbd_cdc_if.c **** 
 233              		.loc 1 292 1 is_stmt 0 view .LVU45
 234 0024 10BD     		pop	{r4, pc}
 235              	.L21:
 236 0026 00BF     		.align	2
ARM GAS  /tmp/ccgp6zbD.s 			page 11


 237              	.L20:
 238 0028 00000000 		.word	hUsbDeviceHS
 239              		.cfi_endproc
 240              	.LFE152:
 242              		.global	USBD_Interface_fops_HS
 243              		.section	.data.USBD_Interface_fops_HS,"aw"
 244              		.align	2
 247              	USBD_Interface_fops_HS:
 248 0000 00000000 		.word	CDC_Init_HS
 249 0004 00000000 		.word	CDC_DeInit_HS
 250 0008 00000000 		.word	CDC_Control_HS
 251 000c 00000000 		.word	CDC_Receive_HS
 252 0010 00000000 		.word	CDC_TransmitCplt_HS
 253              		.global	UserTxBufferHS
 254              		.section	.bss.UserTxBufferHS,"aw",%nobits
 255              		.align	2
 258              	UserTxBufferHS:
 259 0000 00000000 		.space	2048
 259      00000000 
 259      00000000 
 259      00000000 
 259      00000000 
 260              		.global	UserRxBufferHS
 261              		.section	.bss.UserRxBufferHS,"aw",%nobits
 262              		.align	2
 265              	UserRxBufferHS:
 266 0000 00000000 		.space	2048
 266      00000000 
 266      00000000 
 266      00000000 
 266      00000000 
 267              		.text
 268              	.Letext0:
 269              		.file 2 "/home/jack/ece331/Downloads/arm-gnu-toolchain-12.2.rel1-aarch64-arm-none-eabi/arm-none-ea
 270              		.file 3 "/home/jack/ece331/Downloads/arm-gnu-toolchain-12.2.rel1-aarch64-arm-none-eabi/arm-none-ea
 271              		.file 4 "Middlewares/ST/STM32_USB_Device_Library/Core/Inc/usbd_def.h"
 272              		.file 5 "Middlewares/ST/STM32_USB_Device_Library/Class/CDC/Inc/usbd_cdc.h"
 273              		.file 6 "USB_DEVICE/App/usbd_cdc_if.h"
ARM GAS  /tmp/ccgp6zbD.s 			page 12


DEFINED SYMBOLS
                            *ABS*:0000000000000000 usbd_cdc_if.c
     /tmp/ccgp6zbD.s:20     .text.CDC_DeInit_HS:0000000000000000 $t
     /tmp/ccgp6zbD.s:25     .text.CDC_DeInit_HS:0000000000000000 CDC_DeInit_HS
     /tmp/ccgp6zbD.s:40     .text.CDC_Control_HS:0000000000000000 $t
     /tmp/ccgp6zbD.s:45     .text.CDC_Control_HS:0000000000000000 CDC_Control_HS
     /tmp/ccgp6zbD.s:64     .text.CDC_TransmitCplt_HS:0000000000000000 $t
     /tmp/ccgp6zbD.s:69     .text.CDC_TransmitCplt_HS:0000000000000000 CDC_TransmitCplt_HS
     /tmp/ccgp6zbD.s:91     .text.CDC_Receive_HS:0000000000000000 $t
     /tmp/ccgp6zbD.s:96     .text.CDC_Receive_HS:0000000000000000 CDC_Receive_HS
     /tmp/ccgp6zbD.s:129    .text.CDC_Receive_HS:0000000000000018 $d
     /tmp/ccgp6zbD.s:134    .text.CDC_Init_HS:0000000000000000 $t
     /tmp/ccgp6zbD.s:139    .text.CDC_Init_HS:0000000000000000 CDC_Init_HS
     /tmp/ccgp6zbD.s:169    .text.CDC_Init_HS:000000000000001c $d
     /tmp/ccgp6zbD.s:258    .bss.UserTxBufferHS:0000000000000000 UserTxBufferHS
     /tmp/ccgp6zbD.s:265    .bss.UserRxBufferHS:0000000000000000 UserRxBufferHS
     /tmp/ccgp6zbD.s:176    .text.CDC_Transmit_HS:0000000000000000 $t
     /tmp/ccgp6zbD.s:182    .text.CDC_Transmit_HS:0000000000000000 CDC_Transmit_HS
     /tmp/ccgp6zbD.s:238    .text.CDC_Transmit_HS:0000000000000028 $d
     /tmp/ccgp6zbD.s:247    .data.USBD_Interface_fops_HS:0000000000000000 USBD_Interface_fops_HS
     /tmp/ccgp6zbD.s:244    .data.USBD_Interface_fops_HS:0000000000000000 $d
     /tmp/ccgp6zbD.s:255    .bss.UserTxBufferHS:0000000000000000 $d
     /tmp/ccgp6zbD.s:262    .bss.UserRxBufferHS:0000000000000000 $d

UNDEFINED SYMBOLS
USBD_CDC_SetRxBuffer
USBD_CDC_ReceivePacket
hUsbDeviceHS
USBD_CDC_SetTxBuffer
USBD_CDC_TransmitPacket
